#
# A fatal error has been detected by the Java Runtime Environment:
#
#  SIGSEGV (0xb) at pc=0x00007f0c101c63b8, pid=27599, tid=0x00007f0c0e33a700
#
# JRE version: OpenJDK Runtime Environment (8.0_162-b12) (build 1.8.0_162-b12)
# Java VM: OpenJDK 64-Bit Server VM (25.162-b12 mixed mode linux-amd64 compressed oops)
# Problematic frame:
# V  [libjvm.so+0x6b73b8]
#
# Core dump written. Default location: /home/yan/Workspace/kotlinjs-react-starter/core or core.27599
#
# If you would like to submit a bug report, please visit:
#   http://bugreport.java.com/bugreport/crash.jsp
#

---------------  T H R E A D  ---------------

Current thread (0x00007f0c0801f000):  GCTaskThread [stack: 0x00007f0c0e23b000,0x00007f0c0e33b000] [id=27617]

siginfo: si_signo: 11 (SIGSEGV), si_code: 1 (SEGV_MAPERR), si_addr: 0x0000000000000100

Registers:
RAX=0x0000000000000000, RBX=0x00007f0c0e339d30, RCX=0x00007f0c0e339d50, RDX=0x0000000000000000
RSP=0x00007f0c0e339670, RBP=0x00007f0c0e3396a0, RSI=0x00007f0c0e339d30, RDI=0x0000000000000000
R8 =0x0000000000000009, R9 =0x0000000000000003, R10=0x00000000d95805a5, R11=0x0000000000000018
R12=0x0000000000000000, R13=0x0000000000000000, R14=0x0000000000000000, R15=0x00007f0c0e339d30
RIP=0x00007f0c101c63b8, EFLAGS=0x0000000000010202, CSGSFS=0x002b000000000033, ERR=0x0000000000000004
  TRAPNO=0x000000000000000e

Top of Stack: (sp=0x00007f0c0e339670)
0x00007f0c0e339670:   00007f0bf8efd888 00007f0c0e339d30
0x00007f0c0e339680:   00007f0c08ded800 00007f0c08026f00
0x00007f0c0e339690:   0000000000000000 00007f0c0e339d50
0x00007f0c0e3396a0:   00007f0c0e339d20 00007f0c10545ea8
0x00007f0c0e3396b0:   00007f0c0801f000 00007f0c0e3396c0
0x00007f0c0e3396c0:   00007f0bf8efda18 00007f0bf90004e7
0x00007f0c0e3396d0:   00007f0bf90003d0 0000000000000000
0x00007f0c0e3396e0:   00007f0bf8efda90 00007f0bf8efda28
0x00007f0c0e3396f0:   00007f0bf8efda18 00007f0bf90004e7
0x00007f0c0e339700:   00007f0bf90003d0 0000000000000000
0x00007f0c0e339710:   00007f0bf8efda90 00007f0bf8efda28
0x00007f0c0e339720:   0000000000000000 0000000000000000
0x00007f0c0e339730:   0000000000000000 0000000000000000
0x00007f0c0e339740:   0000000000000000 0000000000000000
0x00007f0c0e339750:   0000000000000000 0000000000000000
0x00007f0c0e339760:   0000000000000000 0000000000000000
0x00007f0c0e339770:   00007f0bf8efda08 00007f0bf8efda08
0x00007f0c0e339780:   0000000000000000 0000000000000000
0x00007f0c0e339790:   0000000000000000 0000000000000000
0x00007f0c0e3397a0:   0000000000000000 0000000000000000
0x00007f0c0e3397b0:   0000000000000000 0000000000000000
0x00007f0c0e3397c0:   0000000000000000 0000000000000000
0x00007f0c0e3397d0:   0000000000000000 0000000000000000
0x00007f0c0e3397e0:   0000000000000000 0000000000000000
0x00007f0c0e3397f0:   0000000000000000 0000000000000000
0x00007f0c0e339800:   0000000000000000 0000000000000000
0x00007f0c0e339810:   0000000000000000 0000000000000000
0x00007f0c0e339820:   0000000000000000 0000000000000000
0x00007f0c0e339830:   0000000000000000 0000000000000000
0x00007f0c0e339840:   0000000000000000 0000000000000000
0x00007f0c0e339850:   0000000000000000 0000000000000000
0x00007f0c0e339860:   0000000000000000 0000000000000000 

Instructions: (pc=0x00007f0c101c63b8)
0x00007f0c101c6398:   41 55 41 54 49 89 fd 53 49 89 f7 48 83 ec 08 66
0x00007f0c101c63a8:   0f 1f 84 00 00 00 00 00 4d 89 ec 0f 1f 44 00 00
0x00007f0c101c63b8:   41 8b b4 24 00 01 00 00 85 f6 7e 68 4d 8d 74 24
0x00007f0c101c63c8:   f8 bb 01 00 00 00 66 90 49 8b 44 dc f8 48 85 c0 

Register to memory mapping:

RAX=0x0000000000000000 is an unknown value
RBX=0x00007f0c0e339d30 is an unknown value
RCX=0x00007f0c0e339d50 is an unknown value
RDX=0x0000000000000000 is an unknown value
RSP=0x00007f0c0e339670 is an unknown value
RBP=0x00007f0c0e3396a0 is an unknown value
RSI=0x00007f0c0e339d30 is an unknown value
RDI=0x0000000000000000 is an unknown value
R8 =0x0000000000000009 is an unknown value
R9 =0x0000000000000003 is an unknown value
R10=0x00000000d95805a5 is an unknown value
R11=0x0000000000000018 is an unknown value
R12=0x0000000000000000 is an unknown value
R13=0x0000000000000000 is an unknown value
R14=0x0000000000000000 is an unknown value
R15=0x00007f0c0e339d30 is an unknown value


Stack: [0x00007f0c0e23b000,0x00007f0c0e33b000],  sp=0x00007f0c0e339670,  free space=1017k
Native frames: (J=compiled Java code, j=interpreted, Vv=VM code, C=native code)
V  [libjvm.so+0x6b73b8]
V  [libjvm.so+0xa36ea8]
V  [libjvm.so+0x953b46]
V  [libjvm.so+0x5b3b86]
V  [libjvm.so+0x8d8432]


---------------  P R O C E S S  ---------------

Java Threads: ( => current thread )
  0x00007f0c08ded800 JavaThread "Thread-0" [_thread_blocked, id=27730, stack(0x00007f0beb0ea000,0x00007f0beb1eb000)]
  0x00007f0c08df1000 JavaThread "gradle-shutdown-hook" [_thread_blocked, id=27729, stack(0x00007f0beafe9000,0x00007f0beb0ea000)]
  0x00007f0c08ddd800 JavaThread "DisconnectableInputStream source reader" daemon [_thread_in_native, id=27655, stack(0x00007f0beb224000,0x00007f0beb325000)]
  0x00007f0bb4005800 JavaThread "process reaper" daemon [_thread_in_native, id=27633, stack(0x00007f0beb1eb000,0x00007f0beb224000)]
  0x00007f0c080c7800 JavaThread "Service Thread" daemon [_thread_blocked, id=27628, stack(0x00007f0bf875e000,0x00007f0bf885f000)]
  0x00007f0c080bc800 JavaThread "C1 CompilerThread2" daemon [_thread_blocked, id=27627, stack(0x00007f0bf8860000,0x00007f0bf8960000)]
  0x00007f0c080ba800 JavaThread "C2 CompilerThread1" daemon [_thread_blocked, id=27626, stack(0x00007f0bf8961000,0x00007f0bf8a61000)]
  0x00007f0c080b8000 JavaThread "C2 CompilerThread0" daemon [_thread_blocked, id=27625, stack(0x00007f0bf8a62000,0x00007f0bf8b62000)]
  0x00007f0c080b6800 JavaThread "Signal Dispatcher" daemon [_thread_blocked, id=27624, stack(0x00007f0bf8b62000,0x00007f0bf8c63000)]
  0x00007f0c08083800 JavaThread "Finalizer" daemon [_thread_blocked, id=27623, stack(0x00007f0bf8dfe000,0x00007f0bf8eff000)]
  0x00007f0c0807f000 JavaThread "Reference Handler" daemon [_thread_blocked, id=27622, stack(0x00007f0bf8eff000,0x00007f0bf9000000)]
  0x00007f0c0800a800 JavaThread "main" [_thread_blocked, id=27616, stack(0x00007f0c1177d000,0x00007f0c1187d000)]

Other Threads:
  0x00007f0c08077800 VMThread [stack: 0x00007f0c0c05c000,0x00007f0c0c15c000] [id=27621]
  0x00007f0c080ca000 WatcherThread [stack: 0x00007f0bf865e000,0x00007f0bf875e000] [id=27629]

=>0x00007f0c0801f000 (exited) GCTaskThread [stack: 0x00007f0c0e23b000,0x00007f0c0e33b000] [id=27617]

VM state:at safepoint (normal execution)

VM Mutex/Monitor currently owned by a thread:  ([mutex/lock_event])
[0x00007f0c080077c0] Threads_lock - owner thread: 0x00007f0c08077800
[0x00007f0c08007cc0] Heap_lock - owner thread: 0x00007f0c08df1000

Heap:
 PSYoungGen      total 36864K, used 36851K [0x00000000d7180000, 0x00000000d9a80000, 0x0000000100000000)
  eden space 31744K, 100% used [0x00000000d7180000,0x00000000d9080000,0x00000000d9080000)
  from space 5120K, 99% used [0x00000000d9080000,0x00000000d957cd78,0x00000000d9580000)
  to   space 5120K, 30% used [0x00000000d9580000,0x00000000d9700020,0x00000000d9a80000)
 ParOldGen       total 84992K, used 16K [0x0000000085400000, 0x000000008a700000, 0x00000000d7180000)
  object space 84992K, 0% used [0x0000000085400000,0x0000000085404000,0x000000008a700000)
 Metaspace       used 12019K, capacity 12424K, committed 12544K, reserved 1060864K
  class space    used 1579K, capacity 1722K, committed 1792K, reserved 1048576K

Card table byte_map: [0x00007f0c0e5ca000,0x00007f0c0e9a1000] byte_map_base: 0x00007f0c0e1a0000

Marking Bits: (ParMarkBitMap*) 0x00007f0c10a760c0
 Begin Bits: [0x00007f0bf02a0000, 0x00007f0bf2150000)
 End Bits:   [0x00007f0bf2150000, 0x00007f0bf4000000)

Polling page: 0x00007f0c118b5000

CodeCache: size=245760Kb used=3675Kb max_used=3682Kb free=242084Kb
 bounds [0x00007f0bf9000000, 0x00007f0bf93a0000, 0x00007f0c08000000]
 total_blobs=1387 nmethods=1035 adapters=266
 compilation: enabled

Compilation events (10 events):
Event: 14.678 Thread 0x00007f0c080bc800 1031       3       java.util.concurrent.locks.AbstractOwnableSynchronizer::setExclusiveOwnerThread (6 bytes)
Event: 14.678 Thread 0x00007f0c080bc800 nmethod 1031 0x00007f0bf9398f10 code [0x00007f0bf9399060, 0x00007f0bf93991d0]
Event: 14.678 Thread 0x00007f0c080bc800 1035       3       java.util.concurrent.CopyOnWriteArrayList$COWIterator::hasNext (18 bytes)
Event: 14.678 Thread 0x00007f0c080bc800 nmethod 1035 0x00007f0bf9398b50 code [0x00007f0bf9398cc0, 0x00007f0bf9398e70]
Event: 14.678 Thread 0x00007f0c080bc800 1033       1       java.util.concurrent.CopyOnWriteArrayList::getArray (5 bytes)
Event: 14.678 Thread 0x00007f0c080bc800 nmethod 1033 0x00007f0bf9398890 code [0x00007f0bf93989e0, 0x00007f0bf9398af0]
Event: 14.678 Thread 0x00007f0c080bc800 1034       3       java.util.concurrent.locks.AbstractQueuedSynchronizer::setState (6 bytes)
Event: 14.678 Thread 0x00007f0c080bc800 nmethod 1034 0x00007f0bf9398590 code [0x00007f0bf93986e0, 0x00007f0bf9398830]
Event: 14.678 Thread 0x00007f0c080bc800 1030       3       java.lang.ReflectiveOperationException::<init> (6 bytes)
Event: 14.678 Thread 0x00007f0c080bc800 nmethod 1030 0x00007f0bf9398150 code [0x00007f0bf93982c0, 0x00007f0bf93984a8]

GC Heap History (3 events):
Event: 0.572 GC heap before
{Heap before GC invocations=1 (full 0):
 PSYoungGen      total 36864K, used 31744K [0x00000000d7180000, 0x00000000d9a80000, 0x0000000100000000)
  eden space 31744K, 100% used [0x00000000d7180000,0x00000000d9080000,0x00000000d9080000)
  from space 5120K, 0% used [0x00000000d9580000,0x00000000d9580000,0x00000000d9a80000)
  to   space 5120K, 0% used [0x00000000d9080000,0x00000000d9080000,0x00000000d9580000)
 ParOldGen       total 84992K, used 0K [0x0000000085400000, 0x000000008a700000, 0x00000000d7180000)
  object space 84992K, 0% used [0x0000000085400000,0x0000000085400000,0x000000008a700000)
 Metaspace       used 8186K, capacity 8416K, committed 8576K, reserved 1056768K
  class space    used 1041K, capacity 1120K, committed 1152K, reserved 1048576K
Event: 0.576 GC heap after
Heap after GC invocations=1 (full 0):
 PSYoungGen      total 36864K, used 5107K [0x00000000d7180000, 0x00000000d9a80000, 0x0000000100000000)
  eden space 31744K, 0% used [0x00000000d7180000,0x00000000d7180000,0x00000000d9080000)
  from space 5120K, 99% used [0x00000000d9080000,0x00000000d957cd78,0x00000000d9580000)
  to   space 5120K, 0% used [0x00000000d9580000,0x00000000d9580000,0x00000000d9a80000)
 ParOldGen       total 84992K, used 8K [0x0000000085400000, 0x000000008a700000, 0x00000000d7180000)
  object space 84992K, 0% used [0x0000000085400000,0x0000000085402000,0x000000008a700000)
 Metaspace       used 8186K, capacity 8416K, committed 8576K, reserved 1056768K
  class space    used 1041K, capacity 1120K, committed 1152K, reserved 1048576K
}
Event: 14.678 GC heap before
{Heap before GC invocations=2 (full 0):
 PSYoungGen      total 36864K, used 36851K [0x00000000d7180000, 0x00000000d9a80000, 0x0000000100000000)
  eden space 31744K, 100% used [0x00000000d7180000,0x00000000d9080000,0x00000000d9080000)
  from space 5120K, 99% used [0x00000000d9080000,0x00000000d957cd78,0x00000000d9580000)
  to   space 5120K, 0% used [0x00000000d9580000,0x00000000d9580000,0x00000000d9a80000)
 ParOldGen       total 84992K, used 8K [0x0000000085400000, 0x000000008a700000, 0x00000000d7180000)
  object space 84992K, 0% used [0x0000000085400000,0x0000000085402000,0x000000008a700000)
 Metaspace       used 12019K, capacity 12424K, committed 12544K, reserved 1060864K
  class space    used 1579K, capacity 1722K, committed 1792K, reserved 1048576K

Deoptimization events (8 events):
Event: 0.285 Thread 0x00007f0c0800a800 Uncommon trap: reason=unstable_if action=reinterpret pc=0x00007f0bf91bf2d8 method=java.lang.String.replace(CC)Ljava/lang/String; @ 26
Event: 0.578 Thread 0x00007f0c0800a800 Uncommon trap: reason=unstable_if action=reinterpret pc=0x00007f0bf927dfb0 method=java.lang.ref.SoftReference.get()Ljava/lang/Object; @ 17
Event: 0.606 Thread 0x00007f0c0800a800 Uncommon trap: reason=unstable_if action=reinterpret pc=0x00007f0bf9260d10 method=java.io.File.equals(Ljava/lang/Object;)Z @ 19
Event: 0.769 Thread 0x00007f0c0800a800 Uncommon trap: reason=unstable_if action=reinterpret pc=0x00007f0bf924a170 method=java.util.HashMap.getNode(ILjava/lang/Object;)Ljava/util/HashMap$Node; @ 129
Event: 0.769 Thread 0x00007f0c0800a800 Uncommon trap: reason=class_check action=maybe_recompile pc=0x00007f0bf92db074 method=java.util.HashMap.putVal(ILjava/lang/Object;Ljava/lang/Object;ZZ)Ljava/lang/Object; @ 203
Event: 0.869 Thread 0x00007f0c0800a800 Uncommon trap: reason=unstable_if action=reinterpret pc=0x00007f0bf92491a4 method=java.util.HashMap.getNode(ILjava/lang/Object;)Ljava/util/HashMap$Node; @ 129
Event: 0.869 Thread 0x00007f0c0800a800 Uncommon trap: reason=class_check action=maybe_recompile pc=0x00007f0bf92db074 method=java.util.HashMap.putVal(ILjava/lang/Object;Ljava/lang/Object;ZZ)Ljava/lang/Object; @ 203
Event: 0.869 Thread 0x00007f0c0800a800 Uncommon trap: reason=class_check action=maybe_recompile pc=0x00007f0bf92db074 method=java.util.HashMap.putVal(ILjava/lang/Object;Ljava/lang/Object;ZZ)Ljava/lang/Object; @ 203

Classes redefined (0 events):
No events

Internal exceptions (10 events):
Event: 1.626 Thread 0x00007f0c0800a800 Exception <a 'java/lang/NoSuchMethodError': <clinit>> (0x00000000d8f00df8) thrown at [/build/java8-openjdk/src/jdk8u-jdk8u162-b12/hotspot/src/share/vm/prims/jni.cpp, line 1613]
Event: 1.628 Thread 0x00007f0c0800a800 Exception <a 'java/lang/NoSuchMethodError': <clinit>> (0x00000000d8f17da8) thrown at [/build/java8-openjdk/src/jdk8u-jdk8u162-b12/hotspot/src/share/vm/prims/jni.cpp, line 1613]
Event: 1.629 Thread 0x00007f0c0800a800 Exception <a 'java/lang/NoSuchMethodError': <clinit>> (0x00000000d8f20748) thrown at [/build/java8-openjdk/src/jdk8u-jdk8u162-b12/hotspot/src/share/vm/prims/jni.cpp, line 1613]
Event: 1.632 Thread 0x00007f0c0800a800 Exception <a 'java/lang/NoSuchMethodError': <clinit>> (0x00000000d8f2b2d0) thrown at [/build/java8-openjdk/src/jdk8u-jdk8u162-b12/hotspot/src/share/vm/prims/jni.cpp, line 1613]
Event: 1.642 Thread 0x00007f0c0800a800 Exception <a 'java/lang/NoSuchMethodError': <clinit>> (0x00000000d8f483a0) thrown at [/build/java8-openjdk/src/jdk8u-jdk8u162-b12/hotspot/src/share/vm/prims/jni.cpp, line 1613]
Event: 1.693 Thread 0x00007f0c0800a800 Exception <a 'java/lang/NoSuchMethodError': <clinit>> (0x00000000d8f66288) thrown at [/build/java8-openjdk/src/jdk8u-jdk8u162-b12/hotspot/src/share/vm/prims/jni.cpp, line 1613]
Event: 1.693 Thread 0x00007f0c0800a800 Exception <a 'java/lang/NoSuchMethodError': <clinit>> (0x00000000d8f70000) thrown at [/build/java8-openjdk/src/jdk8u-jdk8u162-b12/hotspot/src/share/vm/prims/jni.cpp, line 1613]
Event: 14.671 Thread 0x00007f0c0800a800 Exception <a 'java/lang/NoSuchMethodError': <clinit>> (0x00000000d90453d8) thrown at [/build/java8-openjdk/src/jdk8u-jdk8u162-b12/hotspot/src/share/vm/prims/jni.cpp, line 1613]
Event: 14.672 Thread 0x00007f0c0800a800 Exception <a 'java/lang/NoSuchMethodError': <clinit>> (0x00000000d904e3a0) thrown at [/build/java8-openjdk/src/jdk8u-jdk8u162-b12/hotspot/src/share/vm/prims/jni.cpp, line 1613]
Event: 14.674 Thread 0x00007f0c0800a800 Exception <a 'java/lang/NoSuchMethodError': <clinit>> (0x00000000d9056b58) thrown at [/build/java8-openjdk/src/jdk8u-jdk8u162-b12/hotspot/src/share/vm/prims/jni.cpp, line 1613]

Events (10 events):
Event: 14.677 loading class org/gradle/launcher/bootstrap/ProcessCompleter done
Event: 14.677 loading class java/util/IdentityHashMap$KeySet
Event: 14.677 loading class java/util/IdentityHashMap$KeySet done
Event: 14.677 loading class java/util/IdentityHashMap$KeyIterator
Event: 14.677 loading class java/util/IdentityHashMap$IdentityHashMapIterator
Event: 14.677 loading class java/util/IdentityHashMap$IdentityHashMapIterator done
Event: 14.677 loading class java/util/IdentityHashMap$KeyIterator done
Event: 14.678 Thread 0x00007f0c08df1000 Thread added: 0x00007f0c08df1000
Event: 14.678 Executing VM operation: ParallelGCFailedAllocation
Event: 14.678 Thread 0x00007f0c08ded800 Thread added: 0x00007f0c08ded800


Dynamic libraries:
85400000-8a700000 rw-p 00000000 00:00 0 
8a700000-d7180000 ---p 00000000 00:00 0 
d7180000-d9a80000 rw-p 00000000 00:00 0 
d9a80000-100000000 ---p 00000000 00:00 0 
100000000-1001c0000 rw-p 00000000 00:00 0 
1001c0000-140000000 ---p 00000000 00:00 0 
55f3b1680000-55f3b1681000 r-xp 00000000 08:03 2765250                    /usr/lib/jvm/java-8-openjdk/jre/bin/java
55f3b1880000-55f3b1881000 r--p 00000000 08:03 2765250                    /usr/lib/jvm/java-8-openjdk/jre/bin/java
55f3b1881000-55f3b1882000 rw-p 00001000 08:03 2765250                    /usr/lib/jvm/java-8-openjdk/jre/bin/java
55f3b32e6000-55f3b3307000 rw-p 00000000 00:00 0                          [heap]
7f0bac000000-7f0bac021000 rw-p 00000000 00:00 0 
7f0bac021000-7f0bb0000000 ---p 00000000 00:00 0 
7f0bb0000000-7f0bb0021000 rw-p 00000000 00:00 0 
7f0bb0021000-7f0bb4000000 ---p 00000000 00:00 0 
7f0bb4000000-7f0bb4021000 rw-p 00000000 00:00 0 
7f0bb4021000-7f0bb8000000 ---p 00000000 00:00 0 
7f0bb8000000-7f0bb8021000 rw-p 00000000 00:00 0 
7f0bb8021000-7f0bbc000000 ---p 00000000 00:00 0 
7f0bbc000000-7f0bbc021000 rw-p 00000000 00:00 0 
7f0bbc021000-7f0bc0000000 ---p 00000000 00:00 0 
7f0bc0000000-7f0bc0021000 rw-p 00000000 00:00 0 
7f0bc0021000-7f0bc4000000 ---p 00000000 00:00 0 
7f0bc4000000-7f0bc41dd000 rw-p 00000000 00:00 0 
7f0bc41dd000-7f0bc8000000 ---p 00000000 00:00 0 
7f0bc8000000-7f0bc836c000 rw-p 00000000 00:00 0 
7f0bc836c000-7f0bcc000000 ---p 00000000 00:00 0 
7f0bcc000000-7f0bcc021000 rw-p 00000000 00:00 0 
7f0bcc021000-7f0bd0000000 ---p 00000000 00:00 0 
7f0bd0000000-7f0bd029f000 rw-p 00000000 00:00 0 
7f0bd029f000-7f0bd4000000 ---p 00000000 00:00 0 
7f0bd4000000-7f0bd4021000 rw-p 00000000 00:00 0 
7f0bd4021000-7f0bd8000000 ---p 00000000 00:00 0 
7f0bd8000000-7f0bd8021000 rw-p 00000000 00:00 0 
7f0bd8021000-7f0bdc000000 ---p 00000000 00:00 0 
7f0bdc000000-7f0bdc021000 rw-p 00000000 00:00 0 
7f0bdc021000-7f0be0000000 ---p 00000000 00:00 0 
7f0be0000000-7f0be0021000 rw-p 00000000 00:00 0 
7f0be0021000-7f0be4000000 ---p 00000000 00:00 0 
7f0be4000000-7f0be4021000 rw-p 00000000 00:00 0 
7f0be4021000-7f0be8000000 ---p 00000000 00:00 0 
7f0beade9000-7f0beae69000 rw-p 00000000 00:00 0 
7f0beae69000-7f0beafe9000 ---p 00000000 00:00 0 
7f0beafe9000-7f0beafec000 ---p 00000000 00:00 0 
7f0beafec000-7f0beb0ea000 rw-p 00000000 00:00 0 
7f0beb0ea000-7f0beb0ed000 ---p 00000000 00:00 0 
7f0beb0ed000-7f0beb1eb000 rw-p 00000000 00:00 0 
7f0beb1eb000-7f0beb1ee000 ---p 00000000 00:00 0 
7f0beb1ee000-7f0beb224000 rw-p 00000000 00:00 0 
7f0beb224000-7f0beb227000 ---p 00000000 00:00 0 
7f0beb227000-7f0beb525000 rw-p 00000000 00:00 0 
7f0beb525000-7f0beb527000 r--s 00007000 08:03 4199469                    /home/yan/.gradle/wrapper/dists/gradle-3.3-bin/64bhckfm0iuu9gap9hg3r7ev2/gradle-3.3/lib/plugins/gradle-tooling-api-builders-3.3.jar
7f0beb527000-7f0beb52a000 r--s 00009000 08:03 4199462                    /home/yan/.gradle/wrapper/dists/gradle-3.3-bin/64bhckfm0iuu9gap9hg3r7ev2/gradle-3.3/lib/plugins/gradle-testing-native-3.3.jar
7f0beb52a000-7f0beb530000 r--s 00033000 08:03 4199537                    /home/yan/.gradle/wrapper/dists/gradle-3.3-bin/64bhckfm0iuu9gap9hg3r7ev2/gradle-3.3/lib/plugins/snakeyaml-1.6.jar
7f0beb530000-7f0beb532000 r--s 00006000 08:03 4199536                    /home/yan/.gradle/wrapper/dists/gradle-3.3-bin/64bhckfm0iuu9gap9hg3r7ev2/gradle-3.3/lib/plugins/jcommander-1.12.jar
7f0beb532000-7f0beb537000 r--s 00040000 08:03 4199535                    /home/yan/.gradle/wrapper/dists/gradle-3.3-bin/64bhckfm0iuu9gap9hg3r7ev2/gradle-3.3/lib/plugins/bsh-2.0b4.jar
7f0beb537000-7f0beb539000 r--s 00009000 08:03 4199543                    /home/yan/.gradle/wrapper/dists/gradle-3.3-bin/64bhckfm0iuu9gap9hg3r7ev2/gradle-3.3/lib/plugins/hamcrest-core-1.3.jar
7f0beb539000-7f0beb542000 r--s 00089000 08:03 4199494                    /home/yan/.gradle/wrapper/dists/gradle-3.3-bin/64bhckfm0iuu9gap9hg3r7ev2/gradle-3.3/lib/plugins/testng-6.3.1.jar
7f0beb542000-7f0beb54a000 r--s 00045000 08:03 4199493                    /home/yan/.gradle/wrapper/dists/gradle-3.3-bin/64bhckfm0iuu9gap9hg3r7ev2/gradle-3.3/lib/plugins/junit-4.12.jar
7f0beb54a000-7f0beb550000 r--s 0002e000 08:03 4199463                    /home/yan/.gradle/wrapper/dists/gradle-3.3-bin/64bhckfm0iuu9gap9hg3r7ev2/gradle-3.3/lib/plugins/gradle-testing-jvm-3.3.jar
7f0beb550000-7f0beb554000 r--s 00016000 08:03 4199461                    /home/yan/.gradle/wrapper/dists/gradle-3.3-bin/64bhckfm0iuu9gap9hg3r7ev2/gradle-3.3/lib/plugins/gradle-testing-base-3.3.jar
7f0beb554000-7f0beb55b000 r--s 00038000 08:03 4199488                    /home/yan/.gradle/wrapper/dists/gradle-3.3-bin/64bhckfm0iuu9gap9hg3r7ev2/gradle-3.3/lib/plugins/bcpg-jdk15on-1.51.jar
7f0beb55b000-7f0beb55d000 r--s 0000c000 08:03 4199440                    /home/yan/.gradle/wrapper/dists/gradle-3.3-bin/64bhckfm0iuu9gap9hg3r7ev2/gradle-3.3/lib/plugins/gradle-signing-3.3.jar
7f0beb55d000-7f0beb55f000 r--s 00007000 08:03 4199439                    /home/yan/.gradle/wrapper/dists/gradle-3.3-bin/64bhckfm0iuu9gap9hg3r7ev2/gradle-3.3/lib/plugins/gradle-scala-3.3.jar
7f0beb55f000-7f0beb560000 r--s 00004000 08:03 4199467                    /home/yan/.gradle/wrapper/dists/gradle-3.3-bin/64bhckfm0iuu9gap9hg3r7ev2/gradle-3.3/lib/plugins/gradle-resources-sftp-3.3.jar
7f0beb560000-7f0beb570000 r--s 00088000 08:03 4199504                    /home/yan/.gradle/wrapper/dists/gradle-3.3-bin/64bhckfm0iuu9gap9hg3r7ev2/gradle-3.3/lib/plugins/joda-time-2.8.2.jar
7f0beb570000-7f0beb581000 r--s 0010d000 08:03 4199503                    /home/yan/.gradle/wrapper/dists/gradle-3.3-bin/64bhckfm0iuu9gap9hg3r7ev2/gradle-3.3/lib/plugins/jackson-databind-2.6.6.jar
7f0beb581000-7f0beb584000 r--s 00009000 08:03 4199502                    /home/yan/.gradle/wrapper/dists/gradle-3.3-bin/64bhckfm0iuu9gap9hg3r7ev2/gradle-3.3/lib/plugins/jackson-annotations-2.6.6.jar
7f0beb584000-7f0beb588000 r--s 0003c000 08:03 4199501                    /home/yan/.gradle/wrapper/dists/gradle-3.3-bin/64bhckfm0iuu9gap9hg3r7ev2/gradle-3.3/lib/plugins/jackson-core-2.6.6.jar
7f0beb588000-7f0beb596000 r--s 00087000 08:03 4199500                    /home/yan/.gradle/wrapper/dists/gradle-3.3-bin/64bhckfm0iuu9gap9hg3r7ev2/gradle-3.3/lib/plugins/aws-java-sdk-core-1.11.6.jar
7f0beb596000-7f0beb59d000 r--s 00057000 08:03 4199499                    /home/yan/.gradle/wrapper/dists/gradle-3.3-bin/64bhckfm0iuu9gap9hg3r7ev2/gradle-3.3/lib/plugins/aws-java-sdk-kms-1.11.6.jar
7f0beb59d000-7f0beb5aa000 r--s 0008e000 08:03 4199498                    /home/yan/.gradle/wrapper/dists/gradle-3.3-bin/64bhckfm0iuu9gap9hg3r7ev2/gradle-3.3/lib/plugins/aws-java-sdk-s3-1.11.6.jar
7f0beb5aa000-7f0beb5ac000 r--s 00004000 08:03 4199468                    /home/yan/.gradle/wrapper/dists/gradle-3.3-bin/64bhckfm0iuu9gap9hg3r7ev2/gradle-3.3/lib/plugins/gradle-resources-s3-3.3.jar
7f0beb5ac000-7f0beb5ae000 r--s 00005000 08:03 4199492                    /home/yan/.gradle/wrapper/dists/gradle-3.3-bin/64bhckfm0iuu9gap9hg3r7ev2/gradle-3.3/lib/plugins/jatl-0.2.2.jar
7f0beb5ae000-7f0beb5b0000 r--s 0000f000 08:03 4199445                    /home/yan/.gradle/wrapper/dists/gradle-3.3-bin/64bhckfm0iuu9gap9hg3r7ev2/gradle-3.3/lib/plugins/gradle-reporting-3.3.jar
7f0beb5b0000-7f0beb5b2000 r--s 00002000 08:03 4199446                    /home/yan/.gradle/wrapper/dists/gradle-3.3-bin/64bhckfm0iuu9gap9hg3r7ev2/gradle-3.3/lib/plugins/gradle-publish-3.3.jar
7f0beb5b2000-7f0beb5b4000 r--s 00009000 08:03 4199475                    /home/yan/.gradle/wrapper/dists/gradle-3.3-bin/64bhckfm0iuu9gap9hg3r7ev2/gradle-3.3/lib/plugins/commons-cli-1.2.jar
7f0beb5b4000-7f0beb5ba000 r--s 00031000 08:03 4199431                    /home/yan/.gradle/wrapper/dists/gradle-3.3-bin/64bhckfm0iuu9gap9hg3r7ev2/gradle-3.3/lib/plugins/gradle-plugins-3.3.jar
7f0beb5ba000-7f0beb5bc000 r--s 00009000 08:03 4199464                    /home/yan/.gradle/wrapper/dists/gradle-3.3-bin/64bhckfm0iuu9gap9hg3r7ev2/gradle-3.3/lib/plugins/gradle-plugin-development-3.3.jar
7f0beb5bc000-7f0beb5c2000 r--s 0002b000 08:03 4199457                    /home/yan/.gradle/wrapper/dists/gradle-3.3-bin/64bhckfm0iuu9gap9hg3r7ev2/gradle-3.3/lib/plugins/gradle-platform-play-3.3.jar
7f0beb5c2000-7f0beb5d0000 r--s 00055000 08:03 4199456                    /home/yan/.gradle/wrapper/dists/gradle-3.3-bin/64bhckfm0iuu9gap9hg3r7ev2/gradle-3.3/lib/plugins/gradle-platform-native-3.3.jar
7f0beb5d0000-7f0beb5d5000 r--s 0001f000 08:03 4199451                    /home/yan/.gradle/wrapper/dists/gradle-3.3-bin/64bhckfm0iuu9gap9hg3r7ev2/gradle-3.3/lib/plugins/gradle-platform-jvm-3.3.jar
7f0beb5d5000-7f0beb5dd000 r--s 00027000 08:03 4199450                    /home/yan/.gradle/wrapper/dists/gradle-3.3-bin/64bhckfm0iuu9gap9hg3r7ev2/gradle-3.3/lib/plugins/gradle-platform-base-3.3.jar
7f0beb5dd000-7f0beb605000 r--s 0021c000 08:03 4199483                    /home/yan/.gradle/wrapper/dists/gradle-3.3-bin/64bhckfm0iuu9gap9hg3r7ev2/gradle-3.3/lib/plugins/biz.aQute.bndlib-3.2.0.jar
7f0beb605000-7f0beb607000 r--s 00003000 08:03 4199435                    /home/yan/.gradle/wrapper/dists/gradle-3.3-bin/64bhckfm0iuu9gap9hg3r7ev2/gradle-3.3/lib/plugins/gradle-osgi-3.3.jar
7f0beb607000-7f0beb60a000 r--s 0000c000 08:03 4199486                    /home/yan/.gradle/wrapper/dists/gradle-3.3-bin/64bhckfm0iuu9gap9hg3r7ev2/gradle-3.3/lib/plugins/pmaven-groovy-0.8-20100325.jar
7f0beb60a000-7f0beb610000 r--s 00023000 08:03 4199436                    /home/yan/.gradle/wrapper/dists/gradle-3.3-bin/64bhckfm0iuu9gap9hg3r7ev2/gradle-3.3/lib/plugins/gradle-maven-3.3.jar
7f0beb610000-7f0beb613000 r--s 0000b000 08:03 4199455                    /home/yan/.gradle/wrapper/dists/gradle-3.3-bin/64bhckfm0iuu9gap9hg3r7ev2/gradle-3.3/lib/plugins/gradle-language-scala-3.3.jar
7f0beb613000-7f0beb619000 r--s 0001a000 08:03 4199459                    /home/yan/.gradle/wrapper/dists/gradle-3.3-bin/64bhckfm0iuu9gap9hg3r7ev2/gradle-3.3/lib/plugins/gradle-language-native-3.3.jar
7f0beb619000-7f0beb61f000 r--s 00027000 08:03 4199453                    /home/yan/.gradle/wrapper/dists/gradle-3.3-bin/64bhckfm0iuu9gap9hg3r7ev2/gradle-3.3/lib/plugins/gradle-language-java-3.3.jar
7f0beb61f000-7f0beb642000 r--s 00344000 08:03 4199509                    /home/yan/.gradle/wrapper/dists/gradle-3.3-bin/64bhckfm0iuu9gap9hg3r7ev2/gradle-3.3/lib/plugins/core-3.1.1.jar
7f0beb642000-7f0beb653000 r--s 000ea000 08:03 4199480                    /home/yan/.gradle/wrapper/dists/gradle-3.3-bin/64bhckfm0iuu9gap9hg3r7ev2/gradle-3.3/lib/plugins/jsp-2.1-6.1.14.jar
7f0beb653000-7f0beb65b000 r-xp 00000000 08:03 3036718                    /usr/lib/jvm/java-8-openjdk/jre/lib/amd64/libmanagement.so
7f0beb65b000-7f0beb85b000 ---p 00008000 08:03 3036718                    /usr/lib/jvm/java-8-openjdk/jre/lib/amd64/libmanagement.so
7f0beb85b000-7f0beb85c000 r--p 00008000 08:03 3036718                    /usr/lib/jvm/java-8-openjdk/jre/lib/amd64/libmanagement.so
7f0beb85c000-7f0beb85d000 rw-p 00009000 08:03 3036718                    /usr/lib/jvm/java-8-openjdk/jre/lib/amd64/libmanagement.so
7f0beb85d000-7f0beb873000 r-xp 00000000 08:03 2363132                    /usr/lib/libgcc_s.so.1
7f0beb873000-7f0beba72000 ---p 00016000 08:03 2363132                    /usr/lib/libgcc_s.so.1
7f0beba72000-7f0beba73000 r--p 00015000 08:03 2363132                    /usr/lib/libgcc_s.so.1
7f0beba73000-7f0beba74000 rw-p 00016000 08:03 2363132                    /usr/lib/libgcc_s.so.1
7f0beba74000-7f0bebbec000 r-xp 00000000 08:03 2363097                    /usr/lib/libstdc++.so.6.0.24
7f0bebbec000-7f0bebdeb000 ---p 00178000 08:03 2363097                    /usr/lib/libstdc++.so.6.0.24
7f0bebdeb000-7f0bebdf7000 r--p 00177000 08:03 2363097                    /usr/lib/libstdc++.so.6.0.24
7f0bebdf7000-7f0bebdf8000 rw-p 00183000 08:03 2363097                    /usr/lib/libstdc++.so.6.0.24
7f0bebdf8000-7f0bebdfb000 rw-p 00000000 00:00 0 
7f0bebdfb000-7f0bebe00000 r-xp 00000000 08:03 4329360                    /home/yan/.gradle/native/23/linux-amd64/libnative-platform.so
7f0bebe00000-7f0bebfff000 ---p 00005000 08:03 4329360                    /home/yan/.gradle/native/23/linux-amd64/libnative-platform.so
7f0bebfff000-7f0bec000000 rw-p 00004000 08:03 4329360                    /home/yan/.gradle/native/23/linux-amd64/libnative-platform.so
7f0bec000000-7f0bec021000 rw-p 00000000 00:00 0 
7f0bec021000-7f0bf0000000 ---p 00000000 00:00 0 
7f0bf0000000-7f0bf0001000 r--s 00004000 08:03 4199485                    /home/yan/.gradle/wrapper/dists/gradle-3.3-bin/64bhckfm0iuu9gap9hg3r7ev2/gradle-3.3/lib/plugins/pmaven-common-0.8-20100325.jar
7f0bf0001000-7f0bf0004000 r--s 00005000 08:03 4199452                    /home/yan/.gradle/wrapper/dists/gradle-3.3-bin/64bhckfm0iuu9gap9hg3r7ev2/gradle-3.3/lib/plugins/gradle-language-jvm-3.3.jar
7f0bf0004000-7f0bf0006000 r--s 0000a000 08:03 4199454                    /home/yan/.gradle/wrapper/dists/gradle-3.3-bin/64bhckfm0iuu9gap9hg3r7ev2/gradle-3.3/lib/plugins/gradle-language-groovy-3.3.jar
7f0bf0006000-7f0bf0009000 r--s 0001e000 08:03 4199510                    /home/yan/.gradle/wrapper/dists/gradle-3.3-bin/64bhckfm0iuu9gap9hg3r7ev2/gradle-3.3/lib/plugins/jsp-api-2.1-6.1.14.jar
7f0bf0009000-7f0bf000a000 r--s 00006000 08:03 4199508                    /home/yan/.gradle/wrapper/dists/gradle-3.3-bin/64bhckfm0iuu9gap9hg3r7ev2/gradle-3.3/lib/plugins/jetty-naming-6.1.26.jar
7f0bf000a000-7f0bf000b000 r--s 00002000 08:03 4199482                    /home/yan/.gradle/wrapper/dists/gradle-3.3-bin/64bhckfm0iuu9gap9hg3r7ev2/gradle-3.3/lib/plugins/geronimo-annotation_1.0_spec-1.0.jar
7f0bf000b000-7f0bf000d000 r--s 00002000 08:03 4199481                    /home/yan/.gradle/wrapper/dists/gradle-3.3-bin/64bhckfm0iuu9gap9hg3r7ev2/gradle-3.3/lib/plugins/jetty-annotations-6.1.26.jar
7f0bf000d000-7f0bf000f000 r--s 0000d000 08:03 4199479                    /home/yan/.gradle/wrapper/dists/gradle-3.3-bin/64bhckfm0iuu9gap9hg3r7ev2/gradle-3.3/lib/plugins/jetty-plus-6.1.26.jar
7f0bf000f000-7f0bf0011000 r--s 0001f000 08:03 4199478                    /home/yan/.gradle/wrapper/dists/gradle-3.3-bin/64bhckfm0iuu9gap9hg3r7ev2/gradle-3.3/lib/plugins/servlet-api-2.5-20081211.jar
7f0bf0011000-7f0bf0015000 r--s 00028000 08:03 4199477                    /home/yan/.gradle/wrapper/dists/gradle-3.3-bin/64bhckfm0iuu9gap9hg3r7ev2/gradle-3.3/lib/plugins/jetty-util-6.1.26.jar
7f0bf0015000-7f0bf001c000 r--s 0007d000 08:03 4199476                    /home/yan/.gradle/wrapper/dists/gradle-3.3-bin/64bhckfm0iuu9gap9hg3r7ev2/gradle-3.3/lib/plugins/jetty-6.1.26.jar
7f0bf001c000-7f0bf001e000 r--s 0000a000 08:03 4199433                    /home/yan/.gradle/wrapper/dists/gradle-3.3-bin/64bhckfm0iuu9gap9hg3r7ev2/gradle-3.3/lib/plugins/gradle-jetty-3.3.jar
7f0bf001e000-7f0bf0025000 r--s 00035000 08:03 4199491                    /home/yan/.gradle/wrapper/dists/gradle-3.3-bin/64bhckfm0iuu9gap9hg3r7ev2/gradle-3.3/lib/plugins/simple-4.1.21.jar
7f0bf0025000-7f0bf0031000 r--s 00100000 08:03 4199489                    /home/yan/.gradle/wrapper/dists/gradle-3.3-bin/64bhckfm0iuu9gap9hg3r7ev2/gradle-3.3/lib/plugins/rhino-1.7R3.jar
7f0bf0031000-7f0bf0035000 r--s 00012000 08:03 4199442                    /home/yan/.gradle/wrapper/dists/gradle-3.3-bin/64bhckfm0iuu9gap9hg3r7ev2/gradle-3.3/lib/plugins/gradle-javascript-3.3.jar
7f0bf0035000-7f0bf0037000 r--s 0000d000 08:03 4199448                    /home/yan/.gradle/wrapper/dists/gradle-3.3-bin/64bhckfm0iuu9gap9hg3r7ev2/gradle-3.3/lib/plugins/gradle-jacoco-3.3.jar
7f0bf0037000-7f0bf003a000 r--s 0000e000 08:03 4199447                    /home/yan/.gradle/wrapper/dists/gradle-3.3-bin/64bhckfm0iuu9gap9hg3r7ev2/gradle-3.3/lib/plugins/gradle-ivy-3.3.jar
7f0bf003a000-7f0bf003b000 r--s 00002000 08:03 4199458                    /home/yan/.gradle/wrapper/dists/gradle-3.3-bin/64bhckfm0iuu9gap9hg3r7ev2/gradle-3.3/lib/plugins/gradle-ide-play-3.3.jar
7f0bf003b000-7f0bf003e000 r--s 00013000 08:03 4199460                    /home/yan/.gradle/wrapper/dists/gradle-3.3-bin/64bhckfm0iuu9gap9hg3r7ev2/gradle-3.3/lib/plugins/gradle-ide-native-3.3.jar
7f0bf003e000-7f0bf0047000 r--s 00055000 08:03 4199437                    /home/yan/.gradle/wrapper/dists/gradle-3.3-bin/64bhckfm0iuu9gap9hg3r7ev2/gradle-3.3/lib/plugins/gradle-ide-3.3.jar
7f0bf0047000-7f0bf0049000 r--s 00007000 08:03 4199441                    /home/yan/.gradle/wrapper/dists/gradle-3.3-bin/64bhckfm0iuu9gap9hg3r7ev2/gradle-3.3/lib/plugins/gradle-ear-3.3.jar
7f0bf0049000-7f0bf004f000 r--s 00039000 08:03 4199444                    /home/yan/.gradle/wrapper/dists/gradle-3.3-bin/64bhckfm0iuu9gap9hg3r7ev2/gradle-3.3/lib/plugins/gradle-diagnostics-3.3.jar
7f0bf004f000-7f0bf0050000 r--s 00009000 08:03 4199470                    /home/yan/.gradle/wrapper/dists/gradle-3.3-bin/64bhckfm0iuu9gap9hg3r7ev2/gradle-3.3/lib/plugins/gradle-composite-builds-3.3.jar
7f0bf0050000-7f0bf0054000 r--s 00023000 08:03 4199432                    /home/yan/.gradle/wrapper/dists/gradle-3.3-bin/64bhckfm0iuu9gap9hg3r7ev2/gradle-3.3/lib/plugins/gradle-code-quality-3.3.jar
7f0bf0054000-7f0bf0058000 r--s 00022000 08:03 4199449                    /home/yan/.gradle/wrapper/dists/gradle-3.3-bin/64bhckfm0iuu9gap9hg3r7ev2/gradle-3.3/lib/plugins/gradle-build-init-3.3.jar
7f0bf0058000-7f0bf005e000 r--s 0008e000 08:03 4199443                    /home/yan/.gradle/wrapper/dists/gradle-3.3-bin/64bhckfm0iuu9gap9hg3r7ev2/gradle-3.3/lib/plugins/gradle-build-comparison-3.3.jar
7f0bf005e000-7f0bf005f000 r--s 00001000 08:03 4199471                    /home/yan/.gradle/wrapper/dists/gradle-3.3-bin/64bhckfm0iuu9gap9hg3r7ev2/gradle-3.3/lib/plugins/gradle-build-cache-http-3.3.jar
7f0bf005f000-7f0bf0061000 r--s 00008000 08:03 4199434                    /home/yan/.gradle/wrapper/dists/gradle-3.3-bin/64bhckfm0iuu9gap9hg3r7ev2/gradle-3.3/lib/plugins/gradle-antlr-3.3.jar
7f0bf0061000-7f0bf0063000 r--s 00004000 08:03 4199438                    /home/yan/.gradle/wrapper/dists/gradle-3.3-bin/64bhckfm0iuu9gap9hg3r7ev2/gradle-3.3/lib/plugins/gradle-announce-3.3.jar
7f0bf0063000-7f0bf007b000 r--s 00115000 08:03 4199540                    /home/yan/.gradle/wrapper/dists/gradle-3.3-bin/64bhckfm0iuu9gap9hg3r7ev2/gradle-3.3/lib/plugins/xercesImpl-2.9.1.jar
7f0bf007b000-7f0bf0083000 r--s 00028000 08:03 4199541                    /home/yan/.gradle/wrapper/dists/gradle-3.3-bin/64bhckfm0iuu9gap9hg3r7ev2/gradle-3.3/lib/plugins/xml-apis-1.3.04.jar
7f0bf0083000-7f0bf0089000 r--s 0005b000 08:03 4199539                    /home/yan/.gradle/wrapper/dists/gradle-3.3-bin/64bhckfm0iuu9gap9hg3r7ev2/gradle-3.3/lib/plugins/jcifs-1.3.17.jar
7f0bf0089000-7f0bf008f000 r--s 00033000 08:03 4199487                    /home/yan/.gradle/wrapper/dists/gradle-3.3-bin/64bhckfm0iuu9gap9hg3r7ev2/gradle-3.3/lib/plugins/commons-codec-1.6.jar
7f0bf008f000-7f0bf0096000 r--s 00049000 08:03 4199538                    /home/yan/.gradle/wrapper/dists/gradle-3.3-bin/64bhckfm0iuu9gap9hg3r7ev2/gradle-3.3/lib/plugins/httpcore-4.4.4.jar
7f0bf0096000-7f0bf0099000 r--s 0001c000 08:03 4199496                    /home/yan/.gradle/wrapper/dists/gradle-3.3-bin/64bhckfm0iuu9gap9hg3r7ev2/gradle-3.3/lib/plugins/nekohtml-1.9.14.jar
7f0bf0099000-7f0bf00a6000 r--s 000a4000 08:03 4199495                    /home/yan/.gradle/wrapper/dists/gradle-3.3-bin/64bhckfm0iuu9gap9hg3r7ev2/gradle-3.3/lib/plugins/httpclient-4.4.1.jar
7f0bf00a6000-7f0bf00a9000 r--s 0000a000 08:03 4199466                    /home/yan/.gradle/wrapper/dists/gradle-3.3-bin/64bhckfm0iuu9gap9hg3r7ev2/gradle-3.3/lib/plugins/gradle-resources-http-3.3.jar
7f0bf00a9000-7f0bf00ad000 r--s 00015000 08:03 4199465                    /home/yan/.gradle/wrapper/dists/gradle-3.3-bin/64bhckfm0iuu9gap9hg3r7ev2/gradle-3.3/lib/plugins/gradle-plugin-use-3.3.jar
7f0bf00ad000-7f0bf00ae000 r--s 00000000 08:03 4199014                    /home/yan/.gradle/wrapper/dists/gradle-3.3-bin/64bhckfm0iuu9gap9hg3r7ev2/gradle-3.3/lib/gradle-installation-beacon-3.3.jar
7f0bf00ae000-7f0bf00b0000 r--s 00006000 08:03 4199534                    /home/yan/.gradle/wrapper/dists/gradle-3.3-bin/64bhckfm0iuu9gap9hg3r7ev2/gradle-3.3/lib/plugins/aether-connector-wagon-1.13.1.jar
7f0bf00b0000-7f0bf00b4000 r--s 0001c000 08:03 4199533                    /home/yan/.gradle/wrapper/dists/gradle-3.3-bin/64bhckfm0iuu9gap9hg3r7ev2/gradle-3.3/lib/plugins/aether-util-1.13.1.jar
7f0bf00b4000-7f0bf00b5000 r--s 00003000 08:03 4199532                    /home/yan/.gradle/wrapper/dists/gradle-3.3-bin/64bhckfm0iuu9gap9hg3r7ev2/gradle-3.3/lib/plugins/aether-spi-1.13.1.jar
7f0bf00b5000-7f0bf00b8000 r--s 0001d000 08:03 4199531                    /home/yan/.gradle/wrapper/dists/gradle-3.3-bin/64bhckfm0iuu9gap9hg3r7ev2/gradle-3.3/lib/plugins/aether-impl-1.13.1.jar
7f0bf00b8000-7f0bf00bb000 r--s 00013000 08:03 4199530                    /home/yan/.gradle/wrapper/dists/gradle-3.3-bin/64bhckfm0iuu9gap9hg3r7ev2/gradle-3.3/lib/plugins/aether-api-1.13.1.jar
7f0bf00bb000-7f0bf00bc000 r--s 00007000 08:03 4199529                    /home/yan/.gradle/wrapper/dists/gradle-3.3-bin/64bhckfm0iuu9gap9hg3r7ev2/gradle-3.3/lib/plugins/wagon-http-shared4-2.4.jar
7f0bf00bc000-7f0bf00be000 r--s 0000b000 08:03 4199528                    /home/yan/.gradle/wrapper/dists/gradle-3.3-bin/64bhckfm0iuu9gap9hg3r7ev2/gradle-3.3/lib/plugins/wagon-provider-api-2.4.jar
7f0bf00be000-7f0bf00bf000 r--s 00002000 08:03 4199527                    /home/yan/.gradle/wrapper/dists/gradle-3.3-bin/64bhckfm0iuu9gap9hg3r7ev2/gradle-3.3/lib/plugins/wagon-http-2.4.jar
7f0bf00bf000-7f0bf00c0000 r--s 00002000 08:03 4199526                    /home/yan/.gradle/wrapper/dists/gradle-3.3-bin/64bhckfm0iuu9gap9hg3r7ev2/gradle-3.3/lib/plugins/wagon-file-2.4.jar
7f0bf00c0000-7f0bf00c2000 r--s 0000c000 08:03 4199525                    /home/yan/.gradle/wrapper/dists/gradle-3.3-bin/64bhckfm0iuu9gap9hg3r7ev2/gradle-3.3/lib/plugins/maven-aether-provider-3.0.4.jar
7f0bf00c2000-7f0bf00c4000 r--s 0000b000 08:03 4199524                    /home/yan/.gradle/wrapper/dists/gradle-3.3-bin/64bhckfm0iuu9gap9hg3r7ev2/gradle-3.3/lib/plugins/maven-plugin-api-3.0.4.jar
7f0bf00c4000-7f0bf00c6000 r--s 00006000 08:03 4199523                    /home/yan/.gradle/wrapper/dists/gradle-3.3-bin/64bhckfm0iuu9gap9hg3r7ev2/gradle-3.3/lib/plugins/maven-repository-metadata-3.0.4.jar
7f0bf00c6000-7f0bf00c8000 r--s 0000b000 08:03 4199522                    /home/yan/.gradle/wrapper/dists/gradle-3.3-bin/64bhckfm0iuu9gap9hg3r7ev2/gradle-3.3/lib/plugins/maven-artifact-3.0.4.jar
7f0bf00c8000-7f0bf00ca000 r--s 00026000 08:03 4199521                    /home/yan/.gradle/wrapper/dists/gradle-3.3-bin/64bhckfm0iuu9gap9hg3r7ev2/gradle-3.3/lib/plugins/maven-model-3.0.4.jar
7f0bf00ca000-7f0bf010a000 r--s 00277000 08:03 4199507                    /home/yan/.gradle/wrapper/dists/gradle-3.3-bin/64bhckfm0iuu9gap9hg3r7ev2/gradle-3.3/lib/plugins/bcprov-jdk15on-1.51.jar
7f0bf010a000-7f0bf02a0000 r--s 0157e000 08:03 4194702                    /home/yan/.gradle/wrapper/dists/gradle-3.3-bin/64bhckfm0iuu9gap9hg3r7ev2/gradle-3.3/lib/kotlin-compiler-embeddable-1.1-M02.jar
7f0bf02a0000-7f0bf4000000 rw-p 00000000 00:00 0 
7f0bf4000000-7f0bf4021000 rw-p 00000000 00:00 0 
7f0bf4021000-7f0bf8000000 ---p 00000000 00:00 0 
7f0bf8000000-7f0bf8004000 r--s 00021000 08:03 4199520                    /home/yan/.gradle/wrapper/dists/gradle-3.3-bin/64bhckfm0iuu9gap9hg3r7ev2/gradle-3.3/lib/plugins/maven-model-builder-3.0.4.jar
7f0bf8004000-7f0bf800a000 r--s 0003f000 08:03 4199519                    /home/yan/.gradle/wrapper/dists/gradle-3.3-bin/64bhckfm0iuu9gap9hg3r7ev2/gradle-3.3/lib/plugins/maven-compat-3.0.4.jar
7f0bf800a000-7f0bf800b000 r--s 00006000 08:03 4199518                    /home/yan/.gradle/wrapper/dists/gradle-3.3-bin/64bhckfm0iuu9gap9hg3r7ev2/gradle-3.3/lib/plugins/plexus-sec-dispatcher-1.3.jar
7f0bf800b000-7f0bf800d000 r--s 00002000 08:03 4199517                    /home/yan/.gradle/wrapper/dists/gradle-3.3-bin/64bhckfm0iuu9gap9hg3r7ev2/gradle-3.3/lib/plugins/plexus-cipher-1.7.jar
7f0bf800d000-7f0bf800f000 r--s 0000a000 08:03 4199516                    /home/yan/.gradle/wrapper/dists/gradle-3.3-bin/64bhckfm0iuu9gap9hg3r7ev2/gradle-3.3/lib/plugins/plexus-classworlds-2.4.jar
7f0bf800f000-7f0bf8016000 r--s 0002e000 08:03 4199515                    /home/yan/.gradle/wrapper/dists/gradle-3.3-bin/64bhckfm0iuu9gap9hg3r7ev2/gradle-3.3/lib/plugins/plexus-container-default-1.5.5.jar
7f0bf8016000-7f0bf8018000 r--s 00000000 08:03 4199542                    /home/yan/.gradle/wrapper/dists/gradle-3.3-bin/64bhckfm0iuu9gap9hg3r7ev2/gradle-3.3/lib/plugins/plexus-component-annotations-1.5.5.jar
7f0bf8018000-7f0bf801a000 r--s 0000d000 08:03 4199514                    /home/yan/.gradle/wrapper/dists/gradle-3.3-bin/64bhckfm0iuu9gap9hg3r7ev2/gradle-3.3/lib/plugins/plexus-interpolation-1.14.jar
7f0bf801a000-7f0bf801e000 r--s 00033000 08:03 4199513                    /home/yan/.gradle/wrapper/dists/gradle-3.3-bin/64bhckfm0iuu9gap9hg3r7ev2/gradle-3.3/lib/plugins/plexus-utils-2.0.6.jar
7f0bf801e000-7f0bf8021000 r--s 00008000 08:03 4199512                    /home/yan/.gradle/wrapper/dists/gradle-3.3-bin/64bhckfm0iuu9gap9hg3r7ev2/gradle-3.3/lib/plugins/maven-settings-builder-3.0.4.jar
7f0bf8021000-7f0bf8023000 r--s 0000a000 08:03 4199511                    /home/yan/.gradle/wrapper/dists/gradle-3.3-bin/64bhckfm0iuu9gap9hg3r7ev2/gradle-3.3/lib/plugins/maven-settings-3.0.4.jar
7f0bf8023000-7f0bf8028000 r--s 00040000 08:03 4199497                    /home/yan/.gradle/wrapper/dists/gradle-3.3-bin/64bhckfm0iuu9gap9hg3r7ev2/gradle-3.3/lib/plugins/jsch-0.1.53.jar
7f0bf8028000-7f0bf802c000 r--s 0001d000 08:03 4199506                    /home/yan/.gradle/wrapper/dists/gradle-3.3-bin/64bhckfm0iuu9gap9hg3r7ev2/gradle-3.3/lib/plugins/xbean-reflect-3.4.jar
7f0bf802c000-7f0bf8038000 r--s 0007d000 08:03 4199484                    /home/yan/.gradle/wrapper/dists/gradle-3.3-bin/64bhckfm0iuu9gap9hg3r7ev2/gradle-3.3/lib/plugins/maven-core-3.0.4.jar
7f0bf8038000-7f0bf803d000 r--s 00034000 08:03 4199490                    /home/yan/.gradle/wrapper/dists/gradle-3.3-bin/64bhckfm0iuu9gap9hg3r7ev2/gradle-3.3/lib/plugins/gson-2.7.jar
7f0bf803d000-7f0bf804c000 r--s 000d9000 08:03 4199505                    /home/yan/.gradle/wrapper/dists/gradle-3.3-bin/64bhckfm0iuu9gap9hg3r7ev2/gradle-3.3/lib/plugins/ivy-2.2.0.jar
7f0bf804c000-7f0bf806b000 r--s 000f6000 08:03 4199473                    /home/yan/.gradle/wrapper/dists/gradle-3.3-bin/64bhckfm0iuu9gap9hg3r7ev2/gradle-3.3/lib/plugins/gradle-dependency-management-3.3.jar
7f0bf806b000-7f0bf806d000 r--s 00005000 08:03 4199472                    /home/yan/.gradle/wrapper/dists/gradle-3.3-bin/64bhckfm0iuu9gap9hg3r7ev2/gradle-3.3/lib/plugins/gradle-workers-3.3.jar
7f0bf806d000-7f0bf806e000 r--s 00006000 08:03 4198645                    /home/yan/.gradle/wrapper/dists/gradle-3.3-bin/64bhckfm0iuu9gap9hg3r7ev2/gradle-3.3/lib/gradle-wrapper-3.3.jar
7f0bf806e000-7f0bf807b000 r--s 00041000 08:03 4199383                    /home/yan/.gradle/wrapper/dists/gradle-3.3-bin/64bhckfm0iuu9gap9hg3r7ev2/gradle-3.3/lib/gradle-tooling-api-3.3.jar
7f0bf807b000-7f0bf807d000 r--s 00002000 08:03 4199403                    /home/yan/.gradle/wrapper/dists/gradle-3.3-bin/64bhckfm0iuu9gap9hg3r7ev2/gradle-3.3/lib/gradle-open-api-3.3.jar
7f0bf807d000-7f0bf8083000 r--s 00032000 08:03 4199405                    /home/yan/.gradle/wrapper/dists/gradle-3.3-bin/64bhckfm0iuu9gap9hg3r7ev2/gradle-3.3/lib/jaxen-1.1.jar
7f0bf8083000-7f0bf8088000 r--s 00048000 08:03 4199404                    /home/yan/.gradle/wrapper/dists/gradle-3.3-bin/64bhckfm0iuu9gap9hg3r7ev2/gradle-3.3/lib/dom4j-1.6.1.jar
7f0bf8088000-7f0bf8093000 r--s 00059000 08:03 4199382                    /home/yan/.gradle/wrapper/dists/gradle-3.3-bin/64bhckfm0iuu9gap9hg3r7ev2/gradle-3.3/lib/gradle-ui-3.3.jar
7f0bf8093000-7f0bf809c000 r--s 0008c000 08:03 4194705                    /home/yan/.gradle/wrapper/dists/gradle-3.3-bin/64bhckfm0iuu9gap9hg3r7ev2/gradle-3.3/lib/kotlin-stdlib-1.1-M02.jar
7f0bf809c000-7f0bf80a2000 r--s 0002a000 08:03 4194704                    /home/yan/.gradle/wrapper/dists/gradle-3.3-bin/64bhckfm0iuu9gap9hg3r7ev2/gradle-3.3/lib/kotlin-runtime-1.1-M02.jar
7f0bf80a2000-7f0bf80d6000 r--s 00256000 08:03 4194703                    /home/yan/.gradle/wrapper/dists/gradle-3.3-bin/64bhckfm0iuu9gap9hg3r7ev2/gradle-3.3/lib/kotlin-reflect-1.1-M02.jar
7f0bf80d6000-7f0bf80de000 r--s 0004e000 08:03 4194701                    /home/yan/.gradle/wrapper/dists/gradle-3.3-bin/64bhckfm0iuu9gap9hg3r7ev2/gradle-3.3/lib/gradle-script-kotlin-0.5.1.jar
7f0bf80de000-7f0bf80e1000 r--s 0000b000 08:03 4199401                    /home/yan/.gradle/wrapper/dists/gradle-3.3-bin/64bhckfm0iuu9gap9hg3r7ev2/gradle-3.3/lib/gradle-resources-3.3.jar
7f0bf80e1000-7f0bf80e3000 r--s 00003000 08:03 4199410                    /home/yan/.gradle/wrapper/dists/gradle-3.3-bin/64bhckfm0iuu9gap9hg3r7ev2/gradle-3.3/lib/jcl-over-slf4j-1.7.10.jar
7f0bf80e3000-7f0bf80e4000 r--s 00005000 08:03 4199409                    /home/yan/.gradle/wrapper/dists/gradle-3.3-bin/64bhckfm0iuu9gap9hg3r7ev2/gradle-3.3/lib/log4j-over-slf4j-1.7.10.jar
7f0bf80e4000-7f0bf80e6000 r--s 00000000 08:03 4199408                    /home/yan/.gradle/wrapper/dists/gradle-3.3-bin/64bhckfm0iuu9gap9hg3r7ev2/gradle-3.3/lib/jul-to-slf4j-1.7.10.jar
7f0bf80e6000-7f0bf80eb000 r--s 0001e000 08:03 4199385                    /home/yan/.gradle/wrapper/dists/gradle-3.3-bin/64bhckfm0iuu9gap9hg3r7ev2/gradle-3.3/lib/gradle-logging-3.3.jar
7f0bf80eb000-7f0bf80ed000 r--s 00007000 08:03 4199429                    /home/yan/.gradle/wrapper/dists/gradle-3.3-bin/64bhckfm0iuu9gap9hg3r7ev2/gradle-3.3/lib/objenesis-1.2.jar
7f0bf80ed000-7f0bf80ef000 r--s 00000000 08:03 4199428                    /home/yan/.gradle/wrapper/dists/gradle-3.3-bin/64bhckfm0iuu9gap9hg3r7ev2/gradle-3.3/lib/minlog-1.2.jar
7f0bf80ef000-7f0bf80f1000 r--s 0000f000 08:03 4199427                    /home/yan/.gradle/wrapper/dists/gradle-3.3-bin/64bhckfm0iuu9gap9hg3r7ev2/gradle-3.3/lib/reflectasm-1.07-shaded.jar
7f0bf80f1000-7f0bf80f5000 r--s 00026000 08:03 4199412                    /home/yan/.gradle/wrapper/dists/gradle-3.3-bin/64bhckfm0iuu9gap9hg3r7ev2/gradle-3.3/lib/kryo-2.20.jar
7f0bf80f5000-7f0bf80fb000 r--s 00027000 08:03 4199400                    /home/yan/.gradle/wrapper/dists/gradle-3.3-bin/64bhckfm0iuu9gap9hg3r7ev2/gradle-3.3/lib/gradle-messaging-3.3.jar
7f0bf80fb000-7f0bf80fc000 r--s 00001000 08:03 4199426                    /home/yan/.gradle/wrapper/dists/gradle-3.3-bin/64bhckfm0iuu9gap9hg3r7ev2/gradle-3.3/lib/native-platform-linux-i386-ncurses6-0.12.jar
7f0bf80fc000-7f0bf80fd000 r--s 00001000 08:03 4199425                    /home/yan/.gradle/wrapper/dists/gradle-3.3-bin/64bhckfm0iuu9gap9hg3r7ev2/gradle-3.3/lib/native-platform-linux-i386-ncurses5-0.12.jar
7f0bf80fd000-7f0bf80fe000 r--s 00001000 08:03 4199424                    /home/yan/.gradle/wrapper/dists/gradle-3.3-bin/64bhckfm0iuu9gap9hg3r7ev2/gradle-3.3/lib/native-platform-linux-amd64-ncurses6-0.12.jar
7f0bf80fe000-7f0bf80ff000 r--s 00001000 08:03 4199423                    /home/yan/.gradle/wrapper/dists/gradle-3.3-bin/64bhckfm0iuu9gap9hg3r7ev2/gradle-3.3/lib/native-platform-linux-amd64-ncurses5-0.12.jar
7f0bf80ff000-7f0bf8100000 r--s 0000b000 08:03 4199422                    /home/yan/.gradle/wrapper/dists/gradle-3.3-bin/64bhckfm0iuu9gap9hg3r7ev2/gradle-3.3/lib/native-platform-windows-i386-0.12.jar
7f0bf8100000-7f0bf8102000 r--s 0000b000 08:03 4199421                    /home/yan/.gradle/wrapper/dists/gradle-3.3-bin/64bhckfm0iuu9gap9hg3r7ev2/gradle-3.3/lib/native-platform-windows-amd64-0.12.jar
7f0bf8102000-7f0bf8104000 r--s 00002000 08:03 4199420                    /home/yan/.gradle/wrapper/dists/gradle-3.3-bin/64bhckfm0iuu9gap9hg3r7ev2/gradle-3.3/lib/native-platform-osx-i386-0.12.jar
7f0bf8104000-7f0bf8105000 r--s 00002000 08:03 4199419                    /home/yan/.gradle/wrapper/dists/gradle-3.3-bin/64bhckfm0iuu9gap9hg3r7ev2/gradle-3.3/lib/native-platform-osx-amd64-0.12.jar
7f0bf8105000-7f0bf8106000 r--s 00002000 08:03 4199418                    /home/yan/.gradle/wrapper/dists/gradle-3.3-bin/64bhckfm0iuu9gap9hg3r7ev2/gradle-3.3/lib/native-platform-linux-i386-0.12.jar
7f0bf8106000-7f0bf8107000 r--s 00002000 08:03 4199417                    /home/yan/.gradle/wrapper/dists/gradle-3.3-bin/64bhckfm0iuu9gap9hg3r7ev2/gradle-3.3/lib/native-platform-linux-amd64-0.12.jar
7f0bf8107000-7f0bf8108000 r--s 00003000 08:03 4199416                    /home/yan/.gradle/wrapper/dists/gradle-3.3-bin/64bhckfm0iuu9gap9hg3r7ev2/gradle-3.3/lib/native-platform-freebsd-i386-libstdcpp-0.12.jar
7f0bf8108000-7f0bf8109000 r--s 00004000 08:03 4199415                    /home/yan/.gradle/wrapper/dists/gradle-3.3-bin/64bhckfm0iuu9gap9hg3r7ev2/gradle-3.3/lib/native-platform-freebsd-i386-libcpp-0.12.jar
7f0bf8109000-7f0bf810b000 r--s 00003000 08:03 4199414                    /home/yan/.gradle/wrapper/dists/gradle-3.3-bin/64bhckfm0iuu9gap9hg3r7ev2/gradle-3.3/lib/native-platform-freebsd-amd64-libstdcpp-0.12.jar
7f0bf810b000-7f0bf810c000 r--s 00004000 08:03 4199413                    /home/yan/.gradle/wrapper/dists/gradle-3.3-bin/64bhckfm0iuu9gap9hg3r7ev2/gradle-3.3/lib/native-platform-freebsd-amd64-libcpp-0.12.jar
7f0bf810c000-7f0bf810f000 r--s 00023000 08:03 4199407                    /home/yan/.gradle/wrapper/dists/gradle-3.3-bin/64bhckfm0iuu9gap9hg3r7ev2/gradle-3.3/lib/jansi-1.14.jar
7f0bf810f000-7f0bf8113000 r--s 00011000 08:03 4199406                    /home/yan/.gradle/wrapper/dists/gradle-3.3-bin/64bhckfm0iuu9gap9hg3r7ev2/gradle-3.3/lib/native-platform-0.12.jar
7f0bf8113000-7f0bf8116000 r--s 0000a000 08:03 4199384                    /home/yan/.gradle/wrapper/dists/gradle-3.3-bin/64bhckfm0iuu9gap9hg3r7ev2/gradle-3.3/lib/gradle-native-3.3.jar
7f0bf8116000-7f0bf8118000 r--s 00005000 08:03 4199381                    /home/yan/.gradle/wrapper/dists/gradle-3.3-bin/64bhckfm0iuu9gap9hg3r7ev2/gradle-3.3/lib/gradle-cli-3.3.jar
7f0bf8118000-7f0bf811a000 r--s 00007000 08:03 4199392                    /home/yan/.gradle/wrapper/dists/gradle-3.3-bin/64bhckfm0iuu9gap9hg3r7ev2/gradle-3.3/lib/gradle-model-groovy-3.3.jar
7f0bf811a000-7f0bf811c000 r--s 00006000 08:03 4199399                    /home/yan/.gradle/wrapper/dists/gradle-3.3-bin/64bhckfm0iuu9gap9hg3r7ev2/gradle-3.3/lib/gradle-base-services-groovy-3.3.jar
7f0bf811c000-7f0bf812b000 r--s 0007f000 08:03 4199391                    /home/yan/.gradle/wrapper/dists/gradle-3.3-bin/64bhckfm0iuu9gap9hg3r7ev2/gradle-3.3/lib/gradle-model-core-3.3.jar
7f0bf812b000-7f0bf812c000 r--s 00002000 08:03 4199402                    /home/yan/.gradle/wrapper/dists/gradle-3.3-bin/64bhckfm0iuu9gap9hg3r7ev2/gradle-3.3/lib/gradle-docs-3.3.jar
7f0bf812c000-7f0bf812d000 r--s 00000000 08:03 4199398                    /home/yan/.gradle/wrapper/dists/gradle-3.3-bin/64bhckfm0iuu9gap9hg3r7ev2/gradle-3.3/lib/javax.inject-1.jar
7f0bf812d000-7f0bf8131000 r--s 00027000 08:03 4199396                    /home/yan/.gradle/wrapper/dists/gradle-3.3-bin/64bhckfm0iuu9gap9hg3r7ev2/gradle-3.3/lib/commons-io-2.2.jar
7f0bf8131000-7f0bf813e000 r--s 00083000 08:03 4199395                    /home/yan/.gradle/wrapper/dists/gradle-3.3-bin/64bhckfm0iuu9gap9hg3r7ev2/gradle-3.3/lib/commons-collections-3.2.2.jar
7f0bf813e000-7f0bf81ae000 r--s 00641000 08:03 4199390                    /home/yan/.gradle/wrapper/dists/gradle-3.3-bin/64bhckfm0iuu9gap9hg3r7ev2/gradle-3.3/lib/groovy-all-2.4.7.jar
7f0bf81ae000-7f0bf81d6000 r--s 001cf000 08:03 4199387                    /home/yan/.gradle/wrapper/dists/gradle-3.3-bin/64bhckfm0iuu9gap9hg3r7ev2/gradle-3.3/lib/guava-jdk5-17.0.jar
7f0bf81d6000-7f0bf81f5000 r--s 001d1000 08:03 4199394                    /home/yan/.gradle/wrapper/dists/gradle-3.3-bin/64bhckfm0iuu9gap9hg3r7ev2/gradle-3.3/lib/ant-1.9.6.jar
7f0bf81f5000-7f0bf8232000 r--s 001f8000 08:03 4199380                    /home/yan/.gradle/wrapper/dists/gradle-3.3-bin/64bhckfm0iuu9gap9hg3r7ev2/gradle-3.3/lib/gradle-core-3.3.jar
7f0bf8232000-7f0bf8243000 r-xp 00000000 08:03 3036723                    /usr/lib/jvm/java-8-openjdk/jre/lib/amd64/libnio.so
7f0bf8243000-7f0bf8443000 ---p 00011000 08:03 3036723                    /usr/lib/jvm/java-8-openjdk/jre/lib/amd64/libnio.so
7f0bf8443000-7f0bf8444000 r--p 00011000 08:03 3036723                    /usr/lib/jvm/java-8-openjdk/jre/lib/amd64/libnio.so
7f0bf8444000-7f0bf8445000 rw-p 00012000 08:03 3036723                    /usr/lib/jvm/java-8-openjdk/jre/lib/amd64/libnio.so
7f0bf8445000-7f0bf845b000 r-xp 00000000 08:03 3036719                    /usr/lib/jvm/java-8-openjdk/jre/lib/amd64/libnet.so
7f0bf845b000-7f0bf865b000 ---p 00016000 08:03 3036719                    /usr/lib/jvm/java-8-openjdk/jre/lib/amd64/libnet.so
7f0bf865b000-7f0bf865c000 r--p 00016000 08:03 3036719                    /usr/lib/jvm/java-8-openjdk/jre/lib/amd64/libnet.so
7f0bf865c000-7f0bf865d000 rw-p 00017000 08:03 3036719                    /usr/lib/jvm/java-8-openjdk/jre/lib/amd64/libnet.so
7f0bf865d000-7f0bf865e000 ---p 00000000 00:00 0 
7f0bf865e000-7f0bf875e000 rw-p 00000000 00:00 0 
7f0bf875e000-7f0bf8761000 ---p 00000000 00:00 0 
7f0bf8761000-7f0bf885f000 rw-p 00000000 00:00 0 
7f0bf885f000-7f0bf8860000 ---p 00000000 00:00 0 
7f0bf8860000-7f0bf8863000 ---p 00000000 00:00 0 
7f0bf8863000-7f0bf8960000 rw-p 00000000 00:00 0 
7f0bf8960000-7f0bf8961000 ---p 00000000 00:00 0 
7f0bf8961000-7f0bf8964000 ---p 00000000 00:00 0 
7f0bf8964000-7f0bf8a61000 rw-p 00000000 00:00 0 
7f0bf8a61000-7f0bf8a62000 ---p 00000000 00:00 0 
7f0bf8a62000-7f0bf8a65000 ---p 00000000 00:00 0 
7f0bf8a65000-7f0bf8b62000 rw-p 00000000 00:00 0 
7f0bf8b62000-7f0bf8b65000 ---p 00000000 00:00 0 
7f0bf8b65000-7f0bf8c63000 rw-p 00000000 00:00 0 
7f0bf8c63000-7f0bf8dfe000 r--p 00000000 08:03 2409572                    /usr/lib/locale/locale-archive
7f0bf8dfe000-7f0bf8e01000 ---p 00000000 00:00 0 
7f0bf8e01000-7f0bf8eff000 rw-p 00000000 00:00 0 
7f0bf8eff000-7f0bf8f02000 ---p 00000000 00:00 0 
7f0bf8f02000-7f0bf9000000 rw-p 00000000 00:00 0 
7f0bf9000000-7f0bf93a0000 rwxp 00000000 00:00 0 
7f0bf93a0000-7f0c08000000 ---p 00000000 00:00 0 
7f0c08000000-7f0c08e20000 rw-p 00000000 00:00 0 
7f0c08e20000-7f0c0c000000 ---p 00000000 00:00 0 
7f0c0c000000-7f0c0c001000 r--s 00000000 08:03 4199397                    /home/yan/.gradle/wrapper/dists/gradle-3.3-bin/64bhckfm0iuu9gap9hg3r7ev2/gradle-3.3/lib/jcip-annotations-1.0.jar
7f0c0c001000-7f0c0c006000 r--s 00038000 08:03 4199393                    /home/yan/.gradle/wrapper/dists/gradle-3.3-bin/64bhckfm0iuu9gap9hg3r7ev2/gradle-3.3/lib/asm-all-5.1.jar
7f0c0c006000-7f0c0c007000 r--s 00001000 08:03 4199389                    /home/yan/.gradle/wrapper/dists/gradle-3.3-bin/64bhckfm0iuu9gap9hg3r7ev2/gradle-3.3/lib/gradle-process-services-3.3.jar
7f0c0c007000-7f0c0c009000 r--s 00000000 08:03 4199379                    /home/yan/.gradle/wrapper/dists/gradle-3.3-bin/64bhckfm0iuu9gap9hg3r7ev2/gradle-3.3/lib/gradle-jvm-services-3.3.jar
7f0c0c009000-7f0c0c00a000 r--s 00000000 08:03 4199544                    /home/yan/.gradle/wrapper/dists/gradle-3.3-bin/64bhckfm0iuu9gap9hg3r7ev2/gradle-3.3/lib/gradle-version-info-3.3.jar
7f0c0c00a000-7f0c0c00f000 r--s 00041000 08:03 4199388                    /home/yan/.gradle/wrapper/dists/gradle-3.3-bin/64bhckfm0iuu9gap9hg3r7ev2/gradle-3.3/lib/commons-lang-2.6.jar
7f0c0c00f000-7f0c0c018000 r--s 00042000 08:03 4199378                    /home/yan/.gradle/wrapper/dists/gradle-3.3-bin/64bhckfm0iuu9gap9hg3r7ev2/gradle-3.3/lib/gradle-base-services-3.3.jar
7f0c0c018000-7f0c0c025000 r--s 0005c000 08:03 4194706                    /home/yan/.gradle/wrapper/dists/gradle-3.3-bin/64bhckfm0iuu9gap9hg3r7ev2/gradle-3.3/lib/gradle-launcher-3.3.jar
7f0c0c025000-7f0c0c056000 rw-p 00000000 00:00 0 
7f0c0c056000-7f0c0c05b000 r--s 0009d000 08:03 2632747                    /usr/lib/jvm/java-8-openjdk/jre/lib/jsse.jar
7f0c0c05b000-7f0c0c05c000 ---p 00000000 00:00 0 
7f0c0c05c000-7f0c0d11c000 rw-p 00000000 00:00 0 
7f0c0d11c000-7f0c0d2eb000 r--s 03c2b000 08:03 2632756                    /usr/lib/jvm/java-8-openjdk/jre/lib/rt.jar
7f0c0d2eb000-7f0c0df37000 rw-p 00000000 00:00 0 
7f0c0df37000-7f0c0df38000 ---p 00000000 00:00 0 
7f0c0df38000-7f0c0e038000 rw-p 00000000 00:00 0 
7f0c0e038000-7f0c0e039000 ---p 00000000 00:00 0 
7f0c0e039000-7f0c0e139000 rw-p 00000000 00:00 0 
7f0c0e139000-7f0c0e13a000 ---p 00000000 00:00 0 
7f0c0e13a000-7f0c0e23a000 rw-p 00000000 00:00 0 
7f0c0e23a000-7f0c0e23b000 ---p 00000000 00:00 0 
7f0c0e23b000-7f0c0e365000 rw-p 00000000 00:00 0 
7f0c0e365000-7f0c0e5ca000 ---p 00000000 00:00 0 
7f0c0e5ca000-7f0c0e5f4000 rw-p 00000000 00:00 0 
7f0c0e5f4000-7f0c0e858000 ---p 00000000 00:00 0 
7f0c0e858000-7f0c0e86e000 rw-p 00000000 00:00 0 
7f0c0e86e000-7f0c0e9a0000 ---p 00000000 00:00 0 
7f0c0e9a0000-7f0c0e9b0000 rw-p 00000000 00:00 0 
7f0c0e9b0000-7f0c0ed61000 ---p 00000000 00:00 0 
7f0c0ed61000-7f0c0ed69000 r-xp 00000000 08:03 3036737                    /usr/lib/jvm/java-8-openjdk/jre/lib/amd64/libzip.so
7f0c0ed69000-7f0c0ef68000 ---p 00008000 08:03 3036737                    /usr/lib/jvm/java-8-openjdk/jre/lib/amd64/libzip.so
7f0c0ef68000-7f0c0ef69000 r--p 00007000 08:03 3036737                    /usr/lib/jvm/java-8-openjdk/jre/lib/amd64/libzip.so
7f0c0ef69000-7f0c0ef6a000 rw-p 00008000 08:03 3036737                    /usr/lib/jvm/java-8-openjdk/jre/lib/amd64/libzip.so
7f0c0ef6a000-7f0c0ef75000 r-xp 00000000 08:03 2361483                    /usr/lib/libnss_files-2.26.so
7f0c0ef75000-7f0c0f174000 ---p 0000b000 08:03 2361483                    /usr/lib/libnss_files-2.26.so
7f0c0f174000-7f0c0f175000 r--p 0000a000 08:03 2361483                    /usr/lib/libnss_files-2.26.so
7f0c0f175000-7f0c0f176000 rw-p 0000b000 08:03 2361483                    /usr/lib/libnss_files-2.26.so
7f0c0f176000-7f0c0f17c000 rw-p 00000000 00:00 0 
7f0c0f17c000-7f0c0f1aa000 r-xp 00000000 08:03 3036727                    /usr/lib/jvm/java-8-openjdk/jre/lib/amd64/libjava.so
7f0c0f1aa000-7f0c0f3a9000 ---p 0002e000 08:03 3036727                    /usr/lib/jvm/java-8-openjdk/jre/lib/amd64/libjava.so
7f0c0f3a9000-7f0c0f3aa000 r--p 0002d000 08:03 3036727                    /usr/lib/jvm/java-8-openjdk/jre/lib/amd64/libjava.so
7f0c0f3aa000-7f0c0f3ac000 rw-p 0002e000 08:03 3036727                    /usr/lib/jvm/java-8-openjdk/jre/lib/amd64/libjava.so
7f0c0f3ac000-7f0c0f3b9000 r-xp 00000000 08:03 3036714                    /usr/lib/jvm/java-8-openjdk/jre/lib/amd64/libverify.so
7f0c0f3b9000-7f0c0f5b8000 ---p 0000d000 08:03 3036714                    /usr/lib/jvm/java-8-openjdk/jre/lib/amd64/libverify.so
7f0c0f5b8000-7f0c0f5ba000 r--p 0000c000 08:03 3036714                    /usr/lib/jvm/java-8-openjdk/jre/lib/amd64/libverify.so
7f0c0f5ba000-7f0c0f5bb000 rw-p 0000e000 08:03 3036714                    /usr/lib/jvm/java-8-openjdk/jre/lib/amd64/libverify.so
7f0c0f5bb000-7f0c0f5c2000 r-xp 00000000 08:03 2361475                    /usr/lib/librt-2.26.so
7f0c0f5c2000-7f0c0f7c1000 ---p 00007000 08:03 2361475                    /usr/lib/librt-2.26.so
7f0c0f7c1000-7f0c0f7c2000 r--p 00006000 08:03 2361475                    /usr/lib/librt-2.26.so
7f0c0f7c2000-7f0c0f7c3000 rw-p 00007000 08:03 2361475                    /usr/lib/librt-2.26.so
7f0c0f7c3000-7f0c0f90e000 r-xp 00000000 08:03 2361478                    /usr/lib/libm-2.26.so
7f0c0f90e000-7f0c0fb0d000 ---p 0014b000 08:03 2361478                    /usr/lib/libm-2.26.so
7f0c0fb0d000-7f0c0fb0e000 r--p 0014a000 08:03 2361478                    /usr/lib/libm-2.26.so
7f0c0fb0e000-7f0c0fb0f000 rw-p 0014b000 08:03 2361478                    /usr/lib/libm-2.26.so
7f0c0fb0f000-7f0c107a7000 r-xp 00000000 08:03 3036742                    /usr/lib/jvm/java-8-openjdk/jre/lib/amd64/server/libjvm.so
7f0c107a7000-7f0c109a6000 ---p 00c98000 08:03 3036742                    /usr/lib/jvm/java-8-openjdk/jre/lib/amd64/server/libjvm.so
7f0c109a6000-7f0c10a3a000 r--p 00c97000 08:03 3036742                    /usr/lib/jvm/java-8-openjdk/jre/lib/amd64/server/libjvm.so
7f0c10a3a000-7f0c10a62000 rw-p 00d2b000 08:03 3036742                    /usr/lib/jvm/java-8-openjdk/jre/lib/amd64/server/libjvm.so
7f0c10a62000-7f0c10a93000 rw-p 00000000 00:00 0 
7f0c10a93000-7f0c10c41000 r-xp 00000000 08:03 2361534                    /usr/lib/libc-2.26.so
7f0c10c41000-7f0c10e40000 ---p 001ae000 08:03 2361534                    /usr/lib/libc-2.26.so
7f0c10e40000-7f0c10e44000 r--p 001ad000 08:03 2361534                    /usr/lib/libc-2.26.so
7f0c10e44000-7f0c10e46000 rw-p 001b1000 08:03 2361534                    /usr/lib/libc-2.26.so
7f0c10e46000-7f0c10e4a000 rw-p 00000000 00:00 0 
7f0c10e4a000-7f0c10e4d000 r-xp 00000000 08:03 2361479                    /usr/lib/libdl-2.26.so
7f0c10e4d000-7f0c1104c000 ---p 00003000 08:03 2361479                    /usr/lib/libdl-2.26.so
7f0c1104c000-7f0c1104d000 r--p 00002000 08:03 2361479                    /usr/lib/libdl-2.26.so
7f0c1104d000-7f0c1104e000 rw-p 00003000 08:03 2361479                    /usr/lib/libdl-2.26.so
7f0c1104e000-7f0c1105c000 r-xp 00000000 08:03 3036741                    /usr/lib/jvm/java-8-openjdk/jre/lib/amd64/jli/libjli.so
7f0c1105c000-7f0c1125b000 ---p 0000e000 08:03 3036741                    /usr/lib/jvm/java-8-openjdk/jre/lib/amd64/jli/libjli.so
7f0c1125b000-7f0c1125c000 r--p 0000d000 08:03 3036741                    /usr/lib/jvm/java-8-openjdk/jre/lib/amd64/jli/libjli.so
7f0c1125c000-7f0c1125d000 rw-p 0000e000 08:03 3036741                    /usr/lib/jvm/java-8-openjdk/jre/lib/amd64/jli/libjli.so
7f0c1125d000-7f0c11273000 r-xp 00000000 08:03 2366251                    /usr/lib/libz.so.1.2.11
7f0c11273000-7f0c11472000 ---p 00016000 08:03 2366251                    /usr/lib/libz.so.1.2.11
7f0c11472000-7f0c11473000 r--p 00015000 08:03 2366251                    /usr/lib/libz.so.1.2.11
7f0c11473000-7f0c11474000 rw-p 00016000 08:03 2366251                    /usr/lib/libz.so.1.2.11
7f0c11474000-7f0c1148d000 r-xp 00000000 08:03 2361553                    /usr/lib/libpthread-2.26.so
7f0c1148d000-7f0c1168c000 ---p 00019000 08:03 2361553                    /usr/lib/libpthread-2.26.so
7f0c1168c000-7f0c1168d000 r--p 00018000 08:03 2361553                    /usr/lib/libpthread-2.26.so
7f0c1168d000-7f0c1168e000 rw-p 00019000 08:03 2361553                    /usr/lib/libpthread-2.26.so
7f0c1168e000-7f0c11692000 rw-p 00000000 00:00 0 
7f0c11692000-7f0c116b7000 r-xp 00000000 08:03 2361535                    /usr/lib/ld-2.26.so
7f0c116b7000-7f0c1177c000 rw-p 00000000 00:00 0 
7f0c1177c000-7f0c1177d000 ---p 00000000 00:00 0 
7f0c1177d000-7f0c11780000 ---p 00000000 00:00 0 
7f0c11780000-7f0c11881000 rw-p 00000000 00:00 0 
7f0c11881000-7f0c11882000 r--s 00007000 08:03 4199386                    /home/yan/.gradle/wrapper/dists/gradle-3.3-bin/64bhckfm0iuu9gap9hg3r7ev2/gradle-3.3/lib/slf4j-api-1.7.10.jar
7f0c11882000-7f0c11883000 r--s 00004000 08:03 4199411                    /home/yan/.gradle/wrapper/dists/gradle-3.3-bin/64bhckfm0iuu9gap9hg3r7ev2/gradle-3.3/lib/ant-launcher-1.9.6.jar
7f0c11883000-7f0c11885000 r--s 0000c000 08:03 4592791                    /home/yan/Workspace/kotlinjs-react-starter/gradle/wrapper/gradle-wrapper.jar
7f0c11885000-7f0c118ac000 rw-p 00000000 00:00 0 
7f0c118ac000-7f0c118b4000 rw-s 00000000 00:2b 1791050                    /tmp/hsperfdata_yan/27599
7f0c118b4000-7f0c118b5000 rw-p 00000000 00:00 0 
7f0c118b5000-7f0c118b6000 ---p 00000000 00:00 0 
7f0c118b6000-7f0c118b7000 r--p 00024000 08:03 2361535                    /usr/lib/ld-2.26.so
7f0c118b7000-7f0c118b8000 rw-p 00025000 08:03 2361535                    /usr/lib/ld-2.26.so
7f0c118b8000-7f0c118b9000 rw-p 00000000 00:00 0 
7fff3c3ea000-7fff3c40c000 rw-p 00000000 00:00 0                          [stack]
7fff3c55d000-7fff3c560000 r--p 00000000 00:00 0                          [vvar]
7fff3c560000-7fff3c562000 r-xp 00000000 00:00 0                          [vdso]

VM Arguments:
jvm_args: -Dorg.gradle.appname=gradlew 
java_command: org.gradle.wrapper.GradleWrapperMain build
java_class_path (initial): /home/yan/Workspace/kotlinjs-react-starter/gradle/wrapper/gradle-wrapper.jar
Launcher Type: SUN_STANDARD

Environment Variables:
PATH=/usr/lib/node_modules/npm/node_modules/npm-lifecycle/node-gyp-bin:/home/yan/Workspace/kotlinjs-react-starter/node_modules/.bin:/usr/local/bin:/usr/bin:/bin:/usr/local/sbin:/usr/lib/jvm/default/bin:/usr/bin/site_perl:/usr/bin/vendor_perl:/usr/bin/core_perl
SHELL=/usr/bin/zsh
DISPLAY=:0

Signal Handlers:
SIGSEGV: [libjvm.so+0xa9e370], sa_mask[0]=11111111011111111101111111111110, sa_flags=SA_RESTART|SA_SIGINFO
SIGBUS: [libjvm.so+0xa9e370], sa_mask[0]=11111111011111111101111111111110, sa_flags=SA_RESTART|SA_SIGINFO
SIGFPE: [libjvm.so+0x8d66a0], sa_mask[0]=11111111011111111101111111111110, sa_flags=SA_RESTART|SA_SIGINFO
SIGPIPE: [libjvm.so+0x8d66a0], sa_mask[0]=11111111011111111101111111111110, sa_flags=SA_RESTART|SA_SIGINFO
SIGXFSZ: [libjvm.so+0x8d66a0], sa_mask[0]=11111111011111111101111111111110, sa_flags=SA_RESTART|SA_SIGINFO
SIGILL: [libjvm.so+0x8d66a0], sa_mask[0]=11111111011111111101111111111110, sa_flags=SA_RESTART|SA_SIGINFO
SIGUSR1: SIG_DFL, sa_mask[0]=00000000000000000000000000000000, sa_flags=none
SIGUSR2: [libjvm.so+0x8d6550], sa_mask[0]=00000000000000000000000000000000, sa_flags=SA_RESTART|SA_SIGINFO
SIGHUP: [libjvm.so+0x8d6a00], sa_mask[0]=11111111011111111101111111111110, sa_flags=SA_RESTART|SA_SIGINFO
SIGINT: [libjvm.so+0x8d6a00], sa_mask[0]=11111111011111111101111111111110, sa_flags=SA_RESTART|SA_SIGINFO
SIGTERM: [libjvm.so+0x8d6a00], sa_mask[0]=11111111011111111101111111111110, sa_flags=SA_RESTART|SA_SIGINFO
SIGQUIT: [libjvm.so+0x8d6a00], sa_mask[0]=11111111011111111101111111111110, sa_flags=SA_RESTART|SA_SIGINFO


---------------  S Y S T E M  ---------------

OS:NAME="Antergos Linux"
VERSION="18.2-ISO-Rolling"
ID="antergos"
ID_LIKE="arch"
PRETTY_NAME="Antergos Linux"
CPE_NAME="cpe:/o:antergosproject:antergos:18.2"
ANSI_COLOR="1;34;40"
HOME_URL="https://antergos.com/"
SUPPORT_URL="https://forum.antergos.com/"
BUG_REPORT_URL="https://github.com/antergos"


uname:Linux 4.15.5-1-ARCH #1 SMP PREEMPT Thu Feb 22 22:15:20 UTC 2018 x86_64
libc:glibc 2.26 NPTL 2.26 
rlimit: STACK 8192k, CORE infinity, NPROC 31152, NOFILE 4096, AS infinity
load average:2.98 3.73 2.63

/proc/meminfo:
MemTotal:        8042140 kB
MemFree:          620148 kB
MemAvailable:    3510664 kB
Buffers:          313740 kB
Cached:          3036724 kB
SwapCached:           92 kB
Active:          5269892 kB
Inactive:        1742508 kB
Active(anon):    3476316 kB
Inactive(anon):   489008 kB
Active(file):    1793576 kB
Inactive(file):  1253500 kB
Unevictable:          64 kB
Mlocked:              64 kB
SwapTotal:       8042944 kB
SwapFree:        8041072 kB
Dirty:              6324 kB
Writeback:             0 kB
AnonPages:       3661912 kB
Mapped:           533292 kB
Shmem:            432180 kB
Slab:             202592 kB
SReclaimable:     137868 kB
SUnreclaim:        64724 kB
KernelStack:       12976 kB
PageTables:        48236 kB
NFS_Unstable:          0 kB
Bounce:                0 kB
WritebackTmp:          0 kB
CommitLimit:    12064012 kB
Committed_AS:    9269664 kB
VmallocTotal:   34359738367 kB
VmallocUsed:           0 kB
VmallocChunk:          0 kB
HardwareCorrupted:     0 kB
AnonHugePages:         0 kB
ShmemHugePages:        0 kB
ShmemPmdMapped:        0 kB
HugePages_Total:       0
HugePages_Free:        0
HugePages_Rsvd:        0
HugePages_Surp:        0
Hugepagesize:       2048 kB
DirectMap4k:      575884 kB
DirectMap2M:     7684096 kB
DirectMap1G:     1048576 kB


CPU:total 4 (initial active 4) (2 cores per cpu, 2 threads per core) family 6 model 78 stepping 3, cmov, cx8, fxsr, mmx, sse, sse2, sse3, ssse3, sse4.1, sse4.2, popcnt, avx, avx2, aes, clmul, erms, 3dnowpref, lzcnt, ht, tsc, tscinvbit, bmi1, bmi2, adx

/proc/cpuinfo:
processor	: 0
vendor_id	: GenuineIntel
cpu family	: 6
model		: 78
model name	: Intel(R) Core(TM) i5-6200U CPU @ 2.30GHz
stepping	: 3
microcode	: 0xc2
cpu MHz		: 2699.997
cache size	: 3072 KB
physical id	: 0
siblings	: 4
core id		: 0
cpu cores	: 2
apicid		: 0
initial apicid	: 0
fpu		: yes
fpu_exception	: yes
cpuid level	: 22
wp		: yes
flags		: fpu vme de pse tsc msr pae mce cx8 apic sep mtrr pge mca cmov pat pse36 clflush dts acpi mmx fxsr sse sse2 ss ht tm pbe syscall nx pdpe1gb rdtscp lm constant_tsc art arch_perfmon pebs bts rep_good nopl xtopology nonstop_tsc cpuid aperfmperf tsc_known_freq pni pclmulqdq dtes64 monitor ds_cpl vmx est tm2 ssse3 sdbg fma cx16 xtpr pdcm pcid sse4_1 sse4_2 x2apic movbe popcnt tsc_deadline_timer aes xsave avx f16c rdrand lahf_lm abm 3dnowprefetch cpuid_fault epb invpcid_single pti tpr_shadow vnmi flexpriority ept vpid fsgsbase tsc_adjust bmi1 avx2 smep bmi2 erms invpcid mpx rdseed adx smap clflushopt intel_pt xsaveopt xsavec xgetbv1 xsaves ibpb ibrs stibp dtherm ida arat pln pts hwp hwp_notify hwp_act_window hwp_epp
bugs		: cpu_meltdown spectre_v1 spectre_v2
bogomips	: 4800.00
clflush size	: 64
cache_alignment	: 64
address sizes	: 39 bits physical, 48 bits virtual
power management:

processor	: 1
vendor_id	: GenuineIntel
cpu family	: 6
model		: 78
model name	: Intel(R) Core(TM) i5-6200U CPU @ 2.30GHz
stepping	: 3
microcode	: 0xc2
cpu MHz		: 2700.000
cache size	: 3072 KB
physical id	: 0
siblings	: 4
core id		: 1
cpu cores	: 22
apicid		: 2
initial apicid	: 2
fpu		: yes
fpu_exception	: yes
cpuid level	: 22
wp		: yes
flags		: fpu vme de pse tsc msr pae mce cx8 apic sep mtrr pge mca cmov pat pse36 clflush dts acpi mmx fxsr sse sse2 ss ht tm pbe syscall nx pdpe1gb rdtscp lm constant_tsc art arch_perfmon pebs bts rep_good nopl xtopology nonstop_tsc cpuid aperfmperf tsc_known_freq pni pclmulqdq dtes64 monitor ds_cpl vmx est tm2 ssse3 sdbg fma cx16 xtpr pdcm pcid sse4_1 sse4_2 x2apic movbe popcnt tsc_deadline_timer aes xsave avx f16c rdrand lahf_lm abm 3dnowprefetch cpuid_fault epb invpcid_single pti tpr_shadow vnmi flexpriority ept vpid fsgsbase tsc_adjust bmi1 avx2 smep bmi2 erms invpcid mpx rdseed adx smap clflushopt intel_pt xsaveopt xsavec xgetbv1 xsaves ibpb ibrs stibp dtherm ida arat pln pts hwp hwp_notify hwp_act_window hwp_epp
bugs		: cpu_meltdown spectre_v1 spectre_v2
bogomips	: 4800.00
clflush size	: 64
cache_alignment	: 64
address sizes	: 39 bits physical, 48 bits virtual
power management:

processor	: 2
vendor_id	: GenuineIntel
cpu family	: 6
model		: 78
model name	: Intel(R) Core(TM) i5-6200U CPU @ 2.30GHz
stepping	: 3
microcode	: 0xc2
cpu MHz		: 2700.001
cache size	: 3072 KB
physical id	: 0
siblings	: 4
core id		: 0
cpu cores	: 2
apicid		: 1
initial apicid	: 1
fpu		: yes
fpu_exception	: yes
cpuid level	: 22
wp		: yes
flags		: fpu vme de pse tsc msr pae mce cx8 apic sep mtrr pge mca cmov pat pse36 clflush dts acpi mmx fxsr sse sse2 ss ht tm pbe syscall nx pdpe1gb rdtscp lm constant_tsc art arch_perfmon pebs bts rep_good nopl xtopology nonstop_tsc cpuid aperfmperf tsc_known_freq pni pclmulqdq dtes64 monitor ds_cpl vmx est tm2 ssse3 sdbg fma cx16 xtpr pdcm pcid sse4_1 sse4_2 x2apic movbe popcnt tsc_deadline_timer aes xsave avx f16c rdrand lahf_lm abm 3dnowprefetch cpuid_fault epb invpcid_single pti tpr_shadow vnmi flexpriority ept vpid fsgsbase tsc_adjust bmi1 avx2 smep bmi2 erms invpcid mpx rdseed adx smap clflushopt intel_pt xsaveopt xsavec xgetbv1 xsaves ibpb ibrs stibp dtherm ida arat pln pts hwp hwp_notify hwp_act_window hwp_epp
bugs		: cpu_meltdown spectre_v1 spectre_v2
bogomips	: 4800.00
clflush size	: 64
cache_alignment	: 64
address sizes	: 39 bits physical, 48 bits virtual
power management:

processor	: 3
vendor_id	: GenuineIntel
cpu family	: 6
model		: 78
model name	: Intel(R) Core(TM) i5-6200U CPU @ 2.30GHz
stepping	: 3
microcode	: 0xc2
cpu MHz		: 2699.999
cache size	: 3072 KB
physical id	: 0
siblings	: 4
core id		: 1
cpu cores	: 2
apicid		: 3
initial apicid	: 3
fpu		: yes
fpu_exception	: yes
cpuid level	: 22
wp		: yes
flags		: fpu vme de pse tsc msr pae mce cx8 apic sep mtrr pge mca cmov pat pse36 clflush dts acpi mmx fxsr sse sse2 ss ht tm pbe syscall nx pdpe1gb rdtscp lm constant_tsc art arch_perfmon pebs bts rep_good nopl xtopology nonstop_tsc cpuid aperfmperf tsc_known_freq pni pclmulqdq dtes64 monitor ds_cpl vmx est tm2 ssse3 sdbg fma cx16 xtpr pdcm pcid sse4_1 sse4_2 x2apic movbe popcnt tsc_deadline_timer aes xsave avx f16c rdrand lahf_lm abm 3dnowprefetch cpuid_fault epb invpcid_single pti tpr_shadow vnmi flexpriority ept vpid fsgsbase tsc_adjust bmi1 avx2 smep bmi2 erms invpcid mpx rdseed adx smap clflushopt intel_pt xsaveopt xsavec xgetbv1 xsaves ibpb ibrs stibp dtherm ida arat pln pts hwp hwp_notify hwp_act_window hwp_epp
bugs		: cpu_meltdown spectre_v1 spectre_v2
bogomips	: 4800.00
clflush size	: 64
cache_alignment	: 64
address sizes	: 39 bits physical, 48 bits virtual
power management:



Memory: 4k page, physical 8042140k(620148k free), swap 8042944k(8041072k free)

vm_info: OpenJDK 64-Bit Server VM (25.162-b12) for linux-amd64 JRE (1.8.0_162-b12), built on Feb 27 2018 12:14:51 by "builduser" with gcc 7.3.0

time: Sat Mar  3 17:48:20 2018
elapsed time: 14 seconds (0d 0h 0m 14s)

